{"E:\\asnet\\react-training\\practice-3\\products-management-app\\src\\assets\\index.ts": {"path":"E:\\asnet\\react-training\\practice-3\\products-management-app\\src\\assets\\index.ts","statementMap":{"0":{"start":{"line":4,"column":0},"end":{"line":4,"column":7}},"1":{"start":{"line":20,"column":2},"end":{"line":4,"column":37}},"2":{"start":{"line":5,"column":0},"end":{"line":5,"column":7}},"3":{"start":{"line":21,"column":2},"end":{"line":5,"column":89}},"4":{"start":{"line":6,"column":0},"end":{"line":6,"column":7}},"5":{"start":{"line":23,"column":2},"end":{"line":6,"column":50}},"6":{"start":{"line":11,"column":0},"end":{"line":11,"column":7}},"7":{"start":{"line":22,"column":2},"end":{"line":11,"column":59}},"8":{"start":{"line":12,"column":0},"end":{"line":12,"column":7}},"9":{"start":{"line":17,"column":2},"end":{"line":12,"column":58}},"10":{"start":{"line":13,"column":0},"end":{"line":13,"column":7}},"11":{"start":{"line":18,"column":2},"end":{"line":13,"column":51}},"12":{"start":{"line":14,"column":0},"end":{"line":14,"column":7}},"13":{"start":{"line":19,"column":2},"end":{"line":14,"column":49}}},"fnMap":{},"branchMap":{},"s":{"0":11,"1":11,"2":11,"3":11,"4":11,"5":11,"6":11,"7":11,"8":11,"9":11,"10":11,"11":11,"12":11,"13":11},"f":{},"b":{}}
,"E:\\asnet\\react-training\\practice-3\\products-management-app\\src\\common-types\\button.ts": {"path":"E:\\asnet\\react-training\\practice-3\\products-management-app\\src\\common-types\\button.ts","statementMap":{"0":{"start":{"line":1,"column":0},"end":{"line":1,"column":null}},"1":{"start":{"line":2,"column":2},"end":{"line":2,"column":null}},"2":{"start":{"line":3,"column":2},"end":{"line":3,"column":null}},"3":{"start":{"line":4,"column":2},"end":{"line":4,"column":null}}},"fnMap":{"0":{"name":"(anonymous_0)","decl":{"start":{"line":1,"column":0},"end":{"line":1,"column":12}},"loc":{"start":{"line":1,"column":26},"end":{"line":5,"column":1}}}},"branchMap":{"0":{"loc":{"start":{"line":1,"column":12},"end":{"line":1,"column":null}},"type":"binary-expr","locations":[{"start":{"line":1,"column":12},"end":{"line":1,"column":26}},{"start":{"line":1,"column":12},"end":{"line":1,"column":null}}]}},"s":{"0":14,"1":14,"2":14,"3":14},"f":{"0":14},"b":{"0":[14,14]}}
,"E:\\asnet\\react-training\\practice-3\\products-management-app\\src\\common-types\\form.ts": {"path":"E:\\asnet\\react-training\\practice-3\\products-management-app\\src\\common-types\\form.ts","statementMap":{"0":{"start":{"line":1,"column":0},"end":{"line":1,"column":null}},"1":{"start":{"line":2,"column":2},"end":{"line":2,"column":null}},"2":{"start":{"line":3,"column":2},"end":{"line":3,"column":null}}},"fnMap":{"0":{"name":"(anonymous_0)","decl":{"start":{"line":1,"column":0},"end":{"line":1,"column":12}},"loc":{"start":{"line":1,"column":24},"end":{"line":4,"column":1}}}},"branchMap":{"0":{"loc":{"start":{"line":1,"column":12},"end":{"line":1,"column":null}},"type":"binary-expr","locations":[{"start":{"line":1,"column":12},"end":{"line":1,"column":24}},{"start":{"line":1,"column":12},"end":{"line":1,"column":null}}]}},"s":{"0":14,"1":14,"2":14},"f":{"0":14},"b":{"0":[14,14]}}
,"E:\\asnet\\react-training\\practice-3\\products-management-app\\src\\common-types\\image.ts": {"path":"E:\\asnet\\react-training\\practice-3\\products-management-app\\src\\common-types\\image.ts","statementMap":{"0":{"start":{"line":1,"column":0},"end":{"line":1,"column":null}},"1":{"start":{"line":2,"column":2},"end":{"line":2,"column":null}},"2":{"start":{"line":3,"column":2},"end":{"line":3,"column":null}},"3":{"start":{"line":4,"column":2},"end":{"line":4,"column":null}}},"fnMap":{"0":{"name":"(anonymous_0)","decl":{"start":{"line":1,"column":0},"end":{"line":1,"column":12}},"loc":{"start":{"line":1,"column":25},"end":{"line":5,"column":1}}}},"branchMap":{"0":{"loc":{"start":{"line":1,"column":12},"end":{"line":1,"column":null}},"type":"binary-expr","locations":[{"start":{"line":1,"column":12},"end":{"line":1,"column":25}},{"start":{"line":1,"column":12},"end":{"line":1,"column":null}}]}},"s":{"0":14,"1":14,"2":14,"3":14},"f":{"0":14},"b":{"0":[14,14]}}
,"E:\\asnet\\react-training\\practice-3\\products-management-app\\src\\common-types\\index.ts": {"path":"E:\\asnet\\react-training\\practice-3\\products-management-app\\src\\common-types\\index.ts","statementMap":{"0":{"start":{"line":1,"column":0},"end":{"line":1,"column":25}},"1":{"start":{"line":2,"column":0},"end":{"line":2,"column":23}},"2":{"start":{"line":3,"column":0},"end":{"line":3,"column":24}},"3":{"start":{"line":4,"column":0},"end":{"line":4,"column":32}},"4":{"start":{"line":5,"column":0},"end":{"line":5,"column":23}},"5":{"start":{"line":6,"column":0},"end":{"line":6,"column":28}},"6":{"start":{"line":7,"column":0},"end":{"line":7,"column":24}}},"fnMap":{},"branchMap":{},"s":{"0":14,"1":14,"2":14,"3":14,"4":14,"5":14,"6":14},"f":{},"b":{}}
,"E:\\asnet\\react-training\\practice-3\\products-management-app\\src\\common-types\\message-popup.ts": {"path":"E:\\asnet\\react-training\\practice-3\\products-management-app\\src\\common-types\\message-popup.ts","statementMap":{"0":{"start":{"line":1,"column":0},"end":{"line":1,"column":null}},"1":{"start":{"line":2,"column":2},"end":{"line":2,"column":null}},"2":{"start":{"line":3,"column":2},"end":{"line":3,"column":null}}},"fnMap":{"0":{"name":"(anonymous_0)","decl":{"start":{"line":1,"column":0},"end":{"line":1,"column":12}},"loc":{"start":{"line":1,"column":32},"end":{"line":4,"column":1}}}},"branchMap":{"0":{"loc":{"start":{"line":1,"column":12},"end":{"line":1,"column":null}},"type":"binary-expr","locations":[{"start":{"line":1,"column":12},"end":{"line":1,"column":32}},{"start":{"line":1,"column":12},"end":{"line":1,"column":null}}]}},"s":{"0":14,"1":14,"2":14},"f":{"0":14},"b":{"0":[14,14]}}
,"E:\\asnet\\react-training\\practice-3\\products-management-app\\src\\common-types\\text.ts": {"path":"E:\\asnet\\react-training\\practice-3\\products-management-app\\src\\common-types\\text.ts","statementMap":{"0":{"start":{"line":1,"column":0},"end":{"line":1,"column":null}},"1":{"start":{"line":2,"column":2},"end":{"line":2,"column":null}},"2":{"start":{"line":3,"column":2},"end":{"line":3,"column":null}},"3":{"start":{"line":6,"column":0},"end":{"line":6,"column":null}},"4":{"start":{"line":7,"column":2},"end":{"line":7,"column":null}},"5":{"start":{"line":8,"column":2},"end":{"line":8,"column":null}}},"fnMap":{"0":{"name":"(anonymous_0)","decl":{"start":{"line":1,"column":0},"end":{"line":1,"column":12}},"loc":{"start":{"line":1,"column":18},"end":{"line":4,"column":1}}},"1":{"name":"(anonymous_1)","decl":{"start":{"line":6,"column":0},"end":{"line":6,"column":12}},"loc":{"start":{"line":6,"column":25},"end":{"line":9,"column":1}}}},"branchMap":{"0":{"loc":{"start":{"line":1,"column":12},"end":{"line":1,"column":null}},"type":"binary-expr","locations":[{"start":{"line":1,"column":12},"end":{"line":1,"column":18}},{"start":{"line":1,"column":12},"end":{"line":1,"column":null}}]},"1":{"loc":{"start":{"line":6,"column":12},"end":{"line":6,"column":null}},"type":"binary-expr","locations":[{"start":{"line":6,"column":12},"end":{"line":6,"column":25}},{"start":{"line":6,"column":12},"end":{"line":6,"column":null}}]}},"s":{"0":14,"1":14,"2":14,"3":14,"4":14,"5":14},"f":{"0":14,"1":14},"b":{"0":[14,14],"1":[14,14]}}
,"E:\\asnet\\react-training\\practice-3\\products-management-app\\src\\common-types\\textField.ts": {"path":"E:\\asnet\\react-training\\practice-3\\products-management-app\\src\\common-types\\textField.ts","statementMap":{"0":{"start":{"line":1,"column":0},"end":{"line":1,"column":null}},"1":{"start":{"line":2,"column":2},"end":{"line":2,"column":null}},"2":{"start":{"line":3,"column":2},"end":{"line":3,"column":null}},"3":{"start":{"line":4,"column":2},"end":{"line":4,"column":null}},"4":{"start":{"line":7,"column":0},"end":{"line":7,"column":null}},"5":{"start":{"line":8,"column":2},"end":{"line":8,"column":null}},"6":{"start":{"line":9,"column":2},"end":{"line":9,"column":null}},"7":{"start":{"line":10,"column":2},"end":{"line":10,"column":null}},"8":{"start":{"line":11,"column":2},"end":{"line":11,"column":null}}},"fnMap":{"0":{"name":"(anonymous_0)","decl":{"start":{"line":1,"column":0},"end":{"line":1,"column":12}},"loc":{"start":{"line":1,"column":29},"end":{"line":5,"column":1}}},"1":{"name":"(anonymous_1)","decl":{"start":{"line":7,"column":0},"end":{"line":7,"column":12}},"loc":{"start":{"line":7,"column":25},"end":{"line":12,"column":1}}}},"branchMap":{"0":{"loc":{"start":{"line":1,"column":12},"end":{"line":1,"column":null}},"type":"binary-expr","locations":[{"start":{"line":1,"column":12},"end":{"line":1,"column":29}},{"start":{"line":1,"column":12},"end":{"line":1,"column":null}}]},"1":{"loc":{"start":{"line":7,"column":12},"end":{"line":7,"column":null}},"type":"binary-expr","locations":[{"start":{"line":7,"column":12},"end":{"line":7,"column":25}},{"start":{"line":7,"column":12},"end":{"line":7,"column":null}}]}},"s":{"0":14,"1":14,"2":14,"3":14,"4":14,"5":14,"6":14,"7":14,"8":14},"f":{"0":14,"1":14},"b":{"0":[14,14],"1":[14,14]}}
,"E:\\asnet\\react-training\\practice-3\\products-management-app\\src\\common-types\\title.ts": {"path":"E:\\asnet\\react-training\\practice-3\\products-management-app\\src\\common-types\\title.ts","statementMap":{"0":{"start":{"line":1,"column":0},"end":{"line":1,"column":null}},"1":{"start":{"line":2,"column":2},"end":{"line":2,"column":null}},"2":{"start":{"line":3,"column":2},"end":{"line":3,"column":null}},"3":{"start":{"line":4,"column":2},"end":{"line":4,"column":null}},"4":{"start":{"line":7,"column":0},"end":{"line":7,"column":null}},"5":{"start":{"line":8,"column":2},"end":{"line":8,"column":null}},"6":{"start":{"line":9,"column":2},"end":{"line":9,"column":null}}},"fnMap":{"0":{"name":"(anonymous_0)","decl":{"start":{"line":1,"column":0},"end":{"line":1,"column":12}},"loc":{"start":{"line":1,"column":18},"end":{"line":5,"column":1}}},"1":{"name":"(anonymous_1)","decl":{"start":{"line":7,"column":0},"end":{"line":7,"column":12}},"loc":{"start":{"line":7,"column":24},"end":{"line":10,"column":1}}}},"branchMap":{"0":{"loc":{"start":{"line":1,"column":12},"end":{"line":1,"column":null}},"type":"binary-expr","locations":[{"start":{"line":1,"column":12},"end":{"line":1,"column":18}},{"start":{"line":1,"column":12},"end":{"line":1,"column":null}}]},"1":{"loc":{"start":{"line":7,"column":12},"end":{"line":7,"column":null}},"type":"binary-expr","locations":[{"start":{"line":7,"column":12},"end":{"line":7,"column":24}},{"start":{"line":7,"column":12},"end":{"line":7,"column":null}}]}},"s":{"0":14,"1":14,"2":14,"3":14,"4":14,"5":14,"6":14},"f":{"0":14,"1":14},"b":{"0":[14,14],"1":[14,14]}}
,"E:\\asnet\\react-training\\practice-3\\products-management-app\\src\\components\\index.ts": {"path":"E:\\asnet\\react-training\\practice-3\\products-management-app\\src\\components\\index.ts","statementMap":{"0":{"start":{"line":1,"column":0},"end":{"line":1,"column":9}},"1":{"start":{"line":1,"column":9},"end":{"line":1,"column":26}},"2":{"start":{"line":2,"column":0},"end":{"line":2,"column":9}},"3":{"start":{"line":2,"column":9},"end":{"line":2,"column":24}},"4":{"start":{"line":3,"column":0},"end":{"line":3,"column":9}},"5":{"start":{"line":3,"column":9},"end":{"line":3,"column":26}},"6":{"start":{"line":4,"column":0},"end":{"line":4,"column":9}},"7":{"start":{"line":4,"column":9},"end":{"line":4,"column":36}},"8":{"start":{"line":5,"column":0},"end":{"line":5,"column":9}},"9":{"start":{"line":5,"column":9},"end":{"line":5,"column":32}},"10":{"start":{"line":6,"column":0},"end":{"line":6,"column":9}},"11":{"start":{"line":6,"column":9},"end":{"line":6,"column":25}},"12":{"start":{"line":7,"column":0},"end":{"line":7,"column":9}},"13":{"start":{"line":7,"column":9},"end":{"line":7,"column":29}},"14":{"start":{"line":8,"column":0},"end":{"line":8,"column":9}},"15":{"start":{"line":8,"column":9},"end":{"line":8,"column":25}},"16":{"start":{"line":9,"column":0},"end":{"line":9,"column":9}},"17":{"start":{"line":9,"column":9},"end":{"line":9,"column":31}},"18":{"start":{"line":12,"column":0},"end":{"line":12,"column":9}},"19":{"start":{"line":12,"column":9},"end":{"line":12,"column":26}},"20":{"start":{"line":13,"column":0},"end":{"line":13,"column":9}},"21":{"start":{"line":13,"column":9},"end":{"line":13,"column":24}},"22":{"start":{"line":14,"column":0},"end":{"line":14,"column":9}},"23":{"start":{"line":14,"column":9},"end":{"line":14,"column":25}},"24":{"start":{"line":15,"column":0},"end":{"line":15,"column":9}},"25":{"start":{"line":15,"column":9},"end":{"line":15,"column":30}},"26":{"start":{"line":16,"column":0},"end":{"line":16,"column":9}},"27":{"start":{"line":16,"column":9},"end":{"line":16,"column":24}},"28":{"start":{"line":17,"column":0},"end":{"line":17,"column":9}},"29":{"start":{"line":17,"column":9},"end":{"line":17,"column":29}},"30":{"start":{"line":18,"column":0},"end":{"line":18,"column":9}},"31":{"start":{"line":18,"column":9},"end":{"line":18,"column":25}}},"fnMap":{"0":{"name":"(anonymous_0)","decl":{"start":{"line":1,"column":9},"end":{"line":1,"column":16}},"loc":{"start":{"line":1,"column":9},"end":{"line":1,"column":26}}},"1":{"name":"(anonymous_1)","decl":{"start":{"line":2,"column":9},"end":{"line":2,"column":16}},"loc":{"start":{"line":2,"column":9},"end":{"line":2,"column":24}}},"2":{"name":"(anonymous_2)","decl":{"start":{"line":3,"column":9},"end":{"line":3,"column":16}},"loc":{"start":{"line":3,"column":9},"end":{"line":3,"column":26}}},"3":{"name":"(anonymous_3)","decl":{"start":{"line":4,"column":9},"end":{"line":4,"column":16}},"loc":{"start":{"line":4,"column":9},"end":{"line":4,"column":36}}},"4":{"name":"(anonymous_4)","decl":{"start":{"line":5,"column":9},"end":{"line":5,"column":16}},"loc":{"start":{"line":5,"column":9},"end":{"line":5,"column":32}}},"5":{"name":"(anonymous_5)","decl":{"start":{"line":6,"column":9},"end":{"line":6,"column":16}},"loc":{"start":{"line":6,"column":9},"end":{"line":6,"column":25}}},"6":{"name":"(anonymous_6)","decl":{"start":{"line":7,"column":9},"end":{"line":7,"column":16}},"loc":{"start":{"line":7,"column":9},"end":{"line":7,"column":29}}},"7":{"name":"(anonymous_7)","decl":{"start":{"line":8,"column":9},"end":{"line":8,"column":16}},"loc":{"start":{"line":8,"column":9},"end":{"line":8,"column":25}}},"8":{"name":"(anonymous_8)","decl":{"start":{"line":9,"column":9},"end":{"line":9,"column":16}},"loc":{"start":{"line":9,"column":9},"end":{"line":9,"column":31}}},"9":{"name":"(anonymous_9)","decl":{"start":{"line":12,"column":9},"end":{"line":12,"column":16}},"loc":{"start":{"line":12,"column":9},"end":{"line":12,"column":26}}},"10":{"name":"(anonymous_10)","decl":{"start":{"line":13,"column":9},"end":{"line":13,"column":16}},"loc":{"start":{"line":13,"column":9},"end":{"line":13,"column":24}}},"11":{"name":"(anonymous_11)","decl":{"start":{"line":14,"column":9},"end":{"line":14,"column":16}},"loc":{"start":{"line":14,"column":9},"end":{"line":14,"column":25}}},"12":{"name":"(anonymous_12)","decl":{"start":{"line":15,"column":9},"end":{"line":15,"column":16}},"loc":{"start":{"line":15,"column":9},"end":{"line":15,"column":30}}},"13":{"name":"(anonymous_13)","decl":{"start":{"line":16,"column":9},"end":{"line":16,"column":16}},"loc":{"start":{"line":16,"column":9},"end":{"line":16,"column":24}}},"14":{"name":"(anonymous_14)","decl":{"start":{"line":17,"column":9},"end":{"line":17,"column":16}},"loc":{"start":{"line":17,"column":9},"end":{"line":17,"column":29}}},"15":{"name":"(anonymous_15)","decl":{"start":{"line":18,"column":9},"end":{"line":18,"column":16}},"loc":{"start":{"line":18,"column":9},"end":{"line":18,"column":25}}}},"branchMap":{},"s":{"0":10,"1":10,"2":10,"3":13,"4":10,"5":10,"6":10,"7":10,"8":10,"9":10,"10":10,"11":13,"12":10,"13":10,"14":10,"15":10,"16":10,"17":10,"18":10,"19":56,"20":10,"21":22,"22":10,"23":35,"24":10,"25":25,"26":10,"27":32,"28":10,"29":27,"30":10,"31":69},"f":{"0":0,"1":3,"2":0,"3":0,"4":0,"5":3,"6":0,"7":0,"8":0,"9":46,"10":12,"11":25,"12":15,"13":22,"14":17,"15":59},"b":{}}
,"E:\\asnet\\react-training\\practice-3\\products-management-app\\src\\components\\Filter\\index.tsx": {"path":"E:\\asnet\\react-training\\practice-3\\products-management-app\\src\\components\\Filter\\index.tsx","statementMap":{"0":{"start":{"line":2,"column":0},"end":{"line":2,"column":36}},"1":{"start":{"line":8,"column":0},"end":{"line":8,"column":55}},"2":{"start":{"line":11,"column":0},"end":{"line":11,"column":21}},"3":{"start":{"line":23,"column":38},"end":{"line":52,"column":null}},"4":{"start":{"line":32,"column":2},"end":{"line":51,"column":null}},"5":{"start":{"line":55,"column":0},"end":{"line":55,"column":28}}},"fnMap":{"0":{"name":"(anonymous_0)","decl":{"start":{"line":23,"column":38},"end":{"line":23,"column":39}},"loc":{"start":{"line":32,"column":2},"end":{"line":51,"column":null}}}},"branchMap":{"0":{"loc":{"start":{"line":26,"column":2},"end":{"line":26,"column":29}},"type":"default-arg","locations":[{"start":{"line":26,"column":27},"end":{"line":26,"column":29}}]},"1":{"loc":{"start":{"line":27,"column":2},"end":{"line":27,"column":30}},"type":"default-arg","locations":[{"start":{"line":27,"column":28},"end":{"line":27,"column":30}}]}},"s":{"0":10,"1":10,"2":10,"3":10,"4":5,"5":10},"f":{"0":5},"b":{"0":[4],"1":[4]}}
,"E:\\asnet\\react-training\\practice-3\\products-management-app\\src\\components\\Form\\index.tsx": {"path":"E:\\asnet\\react-training\\practice-3\\products-management-app\\src\\components\\Form\\index.tsx","statementMap":{"0":{"start":{"line":2,"column":0},"end":{"line":2,"column":null}},"1":{"start":{"line":12,"column":0},"end":{"line":12,"column":21}},"2":{"start":{"line":15,"column":0},"end":{"line":15,"column":76}},"3":{"start":{"line":18,"column":0},"end":{"line":18,"column":79}},"4":{"start":{"line":24,"column":0},"end":{"line":24,"column":null}},"5":{"start":{"line":32,"column":0},"end":{"line":32,"column":49}},"6":{"start":{"line":35,"column":0},"end":{"line":35,"column":43}},"7":{"start":{"line":45,"column":34},"end":{"line":204,"column":1}},"8":{"start":{"line":52,"column":32},"end":{"line":52,"column":62}},"9":{"start":{"line":53,"column":36},"end":{"line":53,"column":68}},"10":{"start":{"line":54,"column":38},"end":{"line":54,"column":74}},"11":{"start":{"line":55,"column":34},"end":{"line":55,"column":49}},"12":{"start":{"line":57,"column":18},"end":{"line":57,"column":48}},"13":{"start":{"line":58,"column":18},"end":{"line":58,"column":49}},"14":{"start":{"line":59,"column":19},"end":{"line":59,"column":49}},"15":{"start":{"line":60,"column":17},"end":{"line":60,"column":47}},"16":{"start":{"line":63,"column":2},"end":{"line":67,"column":19}},"17":{"start":{"line":64,"column":4},"end":{"line":66,"column":24}},"18":{"start":{"line":72,"column":33},"end":{"line":76,"column":8}},"19":{"start":{"line":73,"column":4},"end":{"line":73,"column":24}},"20":{"start":{"line":75,"column":4},"end":{"line":75,"column":47}},"21":{"start":{"line":83,"column":23},"end":{"line":105,"column":8}},"22":{"start":{"line":84,"column":4},"end":{"line":84,"column":27}},"23":{"start":{"line":86,"column":17},"end":{"line":86,"column":45}},"24":{"start":{"line":87,"column":17},"end":{"line":87,"column":45}},"25":{"start":{"line":88,"column":18},"end":{"line":88,"column":49}},"26":{"start":{"line":89,"column":21},"end":{"line":89,"column":48}},"27":{"start":{"line":90,"column":35},"end":{"line":96,"column":6}},"28":{"start":{"line":99,"column":4},"end":{"line":99,"column":50}},"29":{"start":{"line":102,"column":4},"end":{"line":102,"column":30}},"30":{"start":{"line":104,"column":4},"end":{"line":104,"column":22}},"31":{"start":{"line":107,"column":2},"end":{"line":203,"column":4}},"32":{"start":{"line":118,"column":57},"end":{"line":118,"column":76}},"33":{"start":{"line":197,"column":25},"end":{"line":197,"column":34}},"34":{"start":{"line":206,"column":0},"end":{"line":206,"column":26}}},"fnMap":{"0":{"name":"(anonymous_0)","decl":{"start":{"line":45,"column":34},"end":{"line":45,"column":35}},"loc":{"start":{"line":51,"column":5},"end":{"line":204,"column":1}}},"1":{"name":"(anonymous_1)","decl":{"start":{"line":63,"column":12},"end":{"line":63,"column":15}},"loc":{"start":{"line":63,"column":17},"end":{"line":67,"column":3}}},"2":{"name":"(anonymous_2)","decl":{"start":{"line":72,"column":45},"end":{"line":72,"column":48}},"loc":{"start":{"line":72,"column":50},"end":{"line":76,"column":3}}},"3":{"name":"(anonymous_3)","decl":{"start":{"line":83,"column":35},"end":{"line":83,"column":36}},"loc":{"start":{"line":83,"column":73},"end":{"line":105,"column":3}}},"4":{"name":"(anonymous_4)","decl":{"start":{"line":118,"column":18},"end":{"line":118,"column":19}},"loc":{"start":{"line":118,"column":57},"end":{"line":118,"column":76}}},"5":{"name":"(anonymous_5)","decl":{"start":{"line":197,"column":19},"end":{"line":197,"column":22}},"loc":{"start":{"line":197,"column":25},"end":{"line":197,"column":34}}}},"branchMap":{"0":{"loc":{"start":{"line":48,"column":2},"end":{"line":48,"column":14}},"type":"default-arg","locations":[{"start":{"line":48,"column":12},"end":{"line":48,"column":14}}]},"1":{"loc":{"start":{"line":49,"column":2},"end":{"line":49,"column":23}},"type":"default-arg","locations":[{"start":{"line":49,"column":18},"end":{"line":49,"column":23}}]},"2":{"loc":{"start":{"line":64,"column":4},"end":{"line":66,"column":23}},"type":"binary-expr","locations":[{"start":{"line":64,"column":4},"end":{"line":64,"column":12}},{"start":{"line":65,"column":6},"end":{"line":65,"column":54}},{"start":{"line":66,"column":6},"end":{"line":66,"column":23}}]},"3":{"loc":{"start":{"line":75,"column":4},"end":{"line":75,"column":46}},"type":"binary-expr","locations":[{"start":{"line":75,"column":4},"end":{"line":75,"column":19}},{"start":{"line":75,"column":23},"end":{"line":75,"column":46}}]},"4":{"loc":{"start":{"line":86,"column":17},"end":{"line":86,"column":45}},"type":"binary-expr","locations":[{"start":{"line":86,"column":17},"end":{"line":86,"column":39}},{"start":{"line":86,"column":43},"end":{"line":86,"column":45}}]},"5":{"loc":{"start":{"line":87,"column":17},"end":{"line":87,"column":45}},"type":"binary-expr","locations":[{"start":{"line":87,"column":17},"end":{"line":87,"column":39}},{"start":{"line":87,"column":43},"end":{"line":87,"column":45}}]},"6":{"loc":{"start":{"line":88,"column":20},"end":{"line":88,"column":48}},"type":"binary-expr","locations":[{"start":{"line":88,"column":20},"end":{"line":88,"column":43}},{"start":{"line":88,"column":47},"end":{"line":88,"column":48}}]},"7":{"loc":{"start":{"line":89,"column":21},"end":{"line":89,"column":48}},"type":"binary-expr","locations":[{"start":{"line":89,"column":21},"end":{"line":89,"column":42}},{"start":{"line":89,"column":46},"end":{"line":89,"column":48}}]},"8":{"loc":{"start":{"line":109,"column":7},"end":{"line":112,"column":null}},"type":"binary-expr","locations":[{"start":{"line":109,"column":7},"end":{"line":109,"column":16}},{"start":{"line":110,"column":8},"end":{"line":110,"column":null}}]}},"s":{"0":10,"1":10,"2":10,"3":10,"4":10,"5":10,"6":10,"7":10,"8":5,"9":5,"10":5,"11":5,"12":5,"13":5,"14":5,"15":5,"16":5,"17":3,"18":5,"19":0,"20":0,"21":5,"22":1,"23":1,"24":1,"25":1,"26":1,"27":1,"28":1,"29":1,"30":1,"31":5,"32":1,"33":1,"34":10},"f":{"0":5,"1":3,"2":0,"3":1,"4":1,"5":1},"b":{"0":[1],"1":[5],"2":[3,1,1],"3":[0,0],"4":[1,0],"5":[1,0],"6":[1,0],"7":[1,0],"8":[5,0]}}
,"E:\\asnet\\react-training\\practice-3\\products-management-app\\src\\components\\Layout\\index.tsx": {"path":"E:\\asnet\\react-training\\practice-3\\products-management-app\\src\\components\\Layout\\index.tsx","statementMap":{"0":{"start":{"line":2,"column":0},"end":{"line":2,"column":47}},"1":{"start":{"line":5,"column":0},"end":{"line":5,"column":37}},"2":{"start":{"line":11,"column":38},"end":{"line":15,"column":null}},"3":{"start":{"line":12,"column":2},"end":{"line":14,"column":null}},"4":{"start":{"line":18,"column":0},"end":{"line":18,"column":28}}},"fnMap":{"0":{"name":"(anonymous_0)","decl":{"start":{"line":11,"column":38},"end":{"line":11,"column":39}},"loc":{"start":{"line":12,"column":2},"end":{"line":14,"column":null}}}},"branchMap":{},"s":{"0":10,"1":10,"2":10,"3":1,"4":10},"f":{"0":1},"b":{}}
,"E:\\asnet\\react-training\\practice-3\\products-management-app\\src\\components\\LoadingIndicator\\index.tsx": {"path":"E:\\asnet\\react-training\\practice-3\\products-management-app\\src\\components\\LoadingIndicator\\index.tsx","statementMap":{"0":{"start":{"line":2,"column":0},"end":{"line":2,"column":36}},"1":{"start":{"line":5,"column":0},"end":{"line":5,"column":21}},"2":{"start":{"line":7,"column":35},"end":{"line":13,"column":1}},"3":{"start":{"line":8,"column":2},"end":{"line":12,"column":4}},"4":{"start":{"line":15,"column":0},"end":{"line":15,"column":38}}},"fnMap":{"0":{"name":"(anonymous_0)","decl":{"start":{"line":7,"column":35},"end":{"line":7,"column":38}},"loc":{"start":{"line":7,"column":40},"end":{"line":13,"column":1}}}},"branchMap":{},"s":{"0":11,"1":11,"2":11,"3":1,"4":11},"f":{"0":1},"b":{}}
,"E:\\asnet\\react-training\\practice-3\\products-management-app\\src\\components\\MessagePopUp\\index.tsx": {"path":"E:\\asnet\\react-training\\practice-3\\products-management-app\\src\\components\\MessagePopUp\\index.tsx","statementMap":{"0":{"start":{"line":2,"column":0},"end":{"line":2,"column":57}},"1":{"start":{"line":5,"column":0},"end":{"line":5,"column":55}},"2":{"start":{"line":8,"column":0},"end":{"line":8,"column":41}},"3":{"start":{"line":11,"column":0},"end":{"line":11,"column":21}},"4":{"start":{"line":19,"column":50},"end":{"line":47,"column":1}},"5":{"start":{"line":24,"column":23},"end":{"line":24,"column":33}},"6":{"start":{"line":25,"column":36},"end":{"line":25,"column":59}},"7":{"start":{"line":27,"column":2},"end":{"line":34,"column":9}},"8":{"start":{"line":28,"column":18},"end":{"line":31,"column":12}},"9":{"start":{"line":29,"column":6},"end":{"line":29,"column":26}},"10":{"start":{"line":30,"column":6},"end":{"line":30,"column":32}},"11":{"start":{"line":33,"column":4},"end":{"line":33,"column":37}},"12":{"start":{"line":33,"column":17},"end":{"line":33,"column":36}},"13":{"start":{"line":36,"column":2},"end":{"line":46,"column":4}},"14":{"start":{"line":49,"column":0},"end":{"line":49,"column":34}}},"fnMap":{"0":{"name":"(anonymous_0)","decl":{"start":{"line":19,"column":50},"end":{"line":19,"column":51}},"loc":{"start":{"line":23,"column":5},"end":{"line":47,"column":1}}},"1":{"name":"(anonymous_1)","decl":{"start":{"line":27,"column":12},"end":{"line":27,"column":15}},"loc":{"start":{"line":27,"column":17},"end":{"line":34,"column":3}}},"2":{"name":"(anonymous_2)","decl":{"start":{"line":28,"column":29},"end":{"line":28,"column":32}},"loc":{"start":{"line":28,"column":34},"end":{"line":31,"column":5}}},"3":{"name":"(anonymous_3)","decl":{"start":{"line":33,"column":11},"end":{"line":33,"column":14}},"loc":{"start":{"line":33,"column":17},"end":{"line":33,"column":36}}}},"branchMap":{"0":{"loc":{"start":{"line":38,"column":33},"end":{"line":38,"column":59}},"type":"cond-expr","locations":[{"start":{"line":38,"column":45},"end":{"line":38,"column":54}},{"start":{"line":38,"column":57},"end":{"line":38,"column":59}}]},"1":{"loc":{"start":{"line":39,"column":8},"end":{"line":39,"column":null}},"type":"cond-expr","locations":[{"start":{"line":39,"column":18},"end":{"line":39,"column":32}},{"start":{"line":39,"column":35},"end":{"line":39,"column":null}}]},"2":{"loc":{"start":{"line":43,"column":9},"end":{"line":43,"column":48}},"type":"cond-expr","locations":[{"start":{"line":43,"column":19},"end":{"line":43,"column":31}},{"start":{"line":43,"column":34},"end":{"line":43,"column":48}}]}},"s":{"0":10,"1":10,"2":10,"3":10,"4":10,"5":2,"6":2,"7":2,"8":1,"9":0,"10":0,"11":1,"12":1,"13":2,"14":10},"f":{"0":2,"1":1,"2":0,"3":1},"b":{"0":[2,0],"1":[0,2],"2":[0,2]}}
,"E:\\asnet\\react-training\\practice-3\\products-management-app\\src\\components\\Modal\\index.tsx": {"path":"E:\\asnet\\react-training\\practice-3\\products-management-app\\src\\components\\Modal\\index.tsx","statementMap":{"0":{"start":{"line":5,"column":0},"end":{"line":5,"column":42}},"1":{"start":{"line":8,"column":0},"end":{"line":8,"column":42}},"2":{"start":{"line":11,"column":0},"end":{"line":11,"column":21}},"3":{"start":{"line":19,"column":36},"end":{"line":29,"column":10}},"4":{"start":{"line":20,"column":2},"end":{"line":29,"column":10}},"5":{"start":{"line":31,"column":0},"end":{"line":31,"column":21}}},"fnMap":{"0":{"name":"(anonymous_0)","decl":{"start":{"line":19,"column":36},"end":{"line":19,"column":37}},"loc":{"start":{"line":20,"column":2},"end":{"line":29,"column":10}}}},"branchMap":{"0":{"loc":{"start":{"line":20,"column":2},"end":{"line":29,"column":10}},"type":"cond-expr","locations":[{"start":{"line":21,"column":4},"end":{"line":27,"column":null}},{"start":{"line":29,"column":6},"end":{"line":29,"column":10}}]}},"s":{"0":10,"1":10,"2":10,"3":10,"4":6,"5":10},"f":{"0":6},"b":{"0":[5,1]}}
,"E:\\asnet\\react-training\\practice-3\\products-management-app\\src\\components\\ModalForm\\index.tsx": {"path":"E:\\asnet\\react-training\\practice-3\\products-management-app\\src\\components\\ModalForm\\index.tsx","statementMap":{"0":{"start":{"line":2,"column":0},"end":{"line":2,"column":36}},"1":{"start":{"line":5,"column":0},"end":{"line":5,"column":48}},"2":{"start":{"line":8,"column":0},"end":{"line":8,"column":53}},"3":{"start":{"line":14,"column":0},"end":{"line":14,"column":51}},"4":{"start":{"line":23,"column":44},"end":{"line":36,"column":null}},"5":{"start":{"line":29,"column":2},"end":{"line":35,"column":null}},"6":{"start":{"line":39,"column":0},"end":{"line":39,"column":31}}},"fnMap":{"0":{"name":"(anonymous_0)","decl":{"start":{"line":23,"column":44},"end":{"line":23,"column":45}},"loc":{"start":{"line":29,"column":2},"end":{"line":35,"column":null}}}},"branchMap":{"0":{"loc":{"start":{"line":31,"column":16},"end":{"line":31,"column":69}},"type":"cond-expr","locations":[{"start":{"line":31,"column":30},"end":{"line":31,"column":49}},{"start":{"line":31,"column":52},"end":{"line":31,"column":69}}]}},"s":{"0":10,"1":10,"2":10,"3":10,"4":10,"5":3,"6":10},"f":{"0":3},"b":{"0":[0,3]}}
,"E:\\asnet\\react-training\\practice-3\\products-management-app\\src\\components\\Posts\\index.tsx": {"path":"E:\\asnet\\react-training\\practice-3\\products-management-app\\src\\components\\Posts\\index.tsx","statementMap":{"0":{"start":{"line":2,"column":0},"end":{"line":2,"column":36}},"1":{"start":{"line":5,"column":0},"end":{"line":5,"column":48}},"2":{"start":{"line":8,"column":0},"end":{"line":8,"column":21}},"3":{"start":{"line":11,"column":0},"end":{"line":11,"column":62}},"4":{"start":{"line":17,"column":0},"end":{"line":17,"column":43}},"5":{"start":{"line":26,"column":36},"end":{"line":47,"column":null}},"6":{"start":{"line":31,"column":2},"end":{"line":45,"column":null}},"7":{"start":{"line":33,"column":6},"end":{"line":34,"column":null}},"8":{"start":{"line":50,"column":0},"end":{"line":50,"column":49}}},"fnMap":{"0":{"name":"(anonymous_0)","decl":{"start":{"line":26,"column":36},"end":{"line":26,"column":37}},"loc":{"start":{"line":31,"column":2},"end":{"line":45,"column":null}}},"1":{"name":"(anonymous_1)","decl":{"start":{"line":32,"column":26},"end":{"line":32,"column":27}},"loc":{"start":{"line":33,"column":6},"end":{"line":34,"column":null}}}},"branchMap":{"0":{"loc":{"start":{"line":32,"column":6},"end":{"line":32,"column":20}},"type":"binary-expr","locations":[{"start":{"line":32,"column":6},"end":{"line":32,"column":14}},{"start":{"line":32,"column":18},"end":{"line":32,"column":20}}]},"1":{"loc":{"start":{"line":42,"column":5},"end":{"line":44,"column":null}},"type":"binary-expr","locations":[{"start":{"line":42,"column":5},"end":{"line":42,"column":21}},{"start":{"line":43,"column":6},"end":{"line":44,"column":null}}]}},"s":{"0":10,"1":10,"2":10,"3":10,"4":10,"5":10,"6":4,"7":12,"8":10},"f":{"0":4,"1":12},"b":{"0":[4,0],"1":[4,0]}}
,"E:\\asnet\\react-training\\practice-3\\products-management-app\\src\\components\\SearchInput\\index.tsx": {"path":"E:\\asnet\\react-training\\practice-3\\products-management-app\\src\\components\\SearchInput\\index.tsx","statementMap":{"0":{"start":{"line":2,"column":0},"end":{"line":2,"column":36}},"1":{"start":{"line":5,"column":0},"end":{"line":5,"column":43}},"2":{"start":{"line":8,"column":0},"end":{"line":8,"column":46}},"3":{"start":{"line":15,"column":48},"end":{"line":26,"column":null}},"4":{"start":{"line":19,"column":2},"end":{"line":25,"column":null}},"5":{"start":{"line":29,"column":0},"end":{"line":29,"column":33}}},"fnMap":{"0":{"name":"(anonymous_0)","decl":{"start":{"line":15,"column":48},"end":{"line":15,"column":49}},"loc":{"start":{"line":19,"column":2},"end":{"line":25,"column":null}}}},"branchMap":{},"s":{"0":10,"1":10,"2":10,"3":10,"4":2,"5":10},"f":{"0":2},"b":{}}
,"E:\\asnet\\react-training\\practice-3\\products-management-app\\src\\components\\commons\\Button\\index.tsx": {"path":"E:\\asnet\\react-training\\practice-3\\products-management-app\\src\\components\\commons\\Button\\index.tsx","statementMap":{"0":{"start":{"line":2,"column":0},"end":{"line":2,"column":47}},"1":{"start":{"line":5,"column":0},"end":{"line":5,"column":53}},"2":{"start":{"line":8,"column":0},"end":{"line":8,"column":21}},"3":{"start":{"line":17,"column":38},"end":{"line":29,"column":null}},"4":{"start":{"line":23,"column":2},"end":{"line":28,"column":null}},"5":{"start":{"line":32,"column":0},"end":{"line":32,"column":28}}},"fnMap":{"0":{"name":"(anonymous_0)","decl":{"start":{"line":17,"column":38},"end":{"line":17,"column":39}},"loc":{"start":{"line":23,"column":2},"end":{"line":28,"column":null}}}},"branchMap":{"0":{"loc":{"start":{"line":19,"column":2},"end":{"line":19,"column":34}},"type":"default-arg","locations":[{"start":{"line":19,"column":12},"end":{"line":19,"column":34}}]},"1":{"loc":{"start":{"line":20,"column":2},"end":{"line":20,"column":20}},"type":"default-arg","locations":[{"start":{"line":20,"column":15},"end":{"line":20,"column":20}}]},"2":{"loc":{"start":{"line":24,"column":36},"end":{"line":24,"column":69}},"type":"cond-expr","locations":[{"start":{"line":24,"column":49},"end":{"line":24,"column":64}},{"start":{"line":24,"column":67},"end":{"line":24,"column":69}}]}},"s":{"0":11,"1":11,"2":11,"3":11,"4":50,"5":11},"f":{"0":50},"b":{"0":[27],"1":[44],"2":[1,49]}}
,"E:\\asnet\\react-training\\practice-3\\products-management-app\\src\\components\\commons\\Card\\index.tsx": {"path":"E:\\asnet\\react-training\\practice-3\\products-management-app\\src\\components\\commons\\Card\\index.tsx","statementMap":{"0":{"start":{"line":2,"column":0},"end":{"line":2,"column":49}},"1":{"start":{"line":5,"column":0},"end":{"line":5,"column":57}},"2":{"start":{"line":8,"column":0},"end":{"line":8,"column":46}},"3":{"start":{"line":11,"column":0},"end":{"line":11,"column":49}},"4":{"start":{"line":14,"column":0},"end":{"line":14,"column":21}},"5":{"start":{"line":20,"column":0},"end":{"line":20,"column":75}},"6":{"start":{"line":29,"column":34},"end":{"line":82,"column":1}},"7":{"start":{"line":35,"column":59},"end":{"line":35,"column":66}},"8":{"start":{"line":37,"column":28},"end":{"line":39,"column":8}},"9":{"start":{"line":38,"column":4},"end":{"line":38,"column":19}},"10":{"start":{"line":41,"column":23},"end":{"line":43,"column":8}},"11":{"start":{"line":42,"column":4},"end":{"line":42,"column":24}},"12":{"start":{"line":45,"column":2},"end":{"line":81,"column":4}},"13":{"start":{"line":84,"column":0},"end":{"line":84,"column":26}}},"fnMap":{"0":{"name":"(anonymous_0)","decl":{"start":{"line":29,"column":34},"end":{"line":29,"column":35}},"loc":{"start":{"line":34,"column":5},"end":{"line":82,"column":1}}},"1":{"name":"(anonymous_1)","decl":{"start":{"line":37,"column":40},"end":{"line":37,"column":43}},"loc":{"start":{"line":37,"column":45},"end":{"line":39,"column":3}}},"2":{"name":"(anonymous_2)","decl":{"start":{"line":41,"column":35},"end":{"line":41,"column":38}},"loc":{"start":{"line":41,"column":40},"end":{"line":43,"column":3}}}},"branchMap":{"0":{"loc":{"start":{"line":31,"column":2},"end":{"line":31,"column":27}},"type":"default-arg","locations":[{"start":{"line":31,"column":13},"end":{"line":31,"column":27}}]}},"s":{"0":10,"1":10,"2":10,"3":10,"4":10,"5":10,"6":10,"7":18,"8":18,"9":2,"10":18,"11":2,"12":18,"13":10},"f":{"0":18,"1":2,"2":2},"b":{"0":[0]}}
,"E:\\asnet\\react-training\\practice-3\\products-management-app\\src\\components\\commons\\Image\\index.tsx": {"path":"E:\\asnet\\react-training\\practice-3\\products-management-app\\src\\components\\commons\\Image\\index.tsx","statementMap":{"0":{"start":{"line":2,"column":0},"end":{"line":2,"column":36}},"1":{"start":{"line":5,"column":0},"end":{"line":5,"column":21}},"2":{"start":{"line":8,"column":0},"end":{"line":8,"column":52}},"3":{"start":{"line":11,"column":0},"end":{"line":11,"column":43}},"4":{"start":{"line":20,"column":36},"end":{"line":33,"column":null}},"5":{"start":{"line":26,"column":2},"end":{"line":32,"column":null}},"6":{"start":{"line":36,"column":0},"end":{"line":36,"column":27}}},"fnMap":{"0":{"name":"(anonymous_0)","decl":{"start":{"line":20,"column":36},"end":{"line":20,"column":37}},"loc":{"start":{"line":26,"column":2},"end":{"line":32,"column":null}}}},"branchMap":{"0":{"loc":{"start":{"line":22,"column":2},"end":{"line":22,"column":23}},"type":"default-arg","locations":[{"start":{"line":22,"column":13},"end":{"line":22,"column":23}}]},"1":{"loc":{"start":{"line":23,"column":2},"end":{"line":23,"column":33}},"type":"default-arg","locations":[{"start":{"line":23,"column":12},"end":{"line":23,"column":33}}]},"2":{"loc":{"start":{"line":28,"column":6},"end":{"line":28,"column":null}},"type":"cond-expr","locations":[{"start":{"line":28,"column":42},"end":{"line":28,"column":62}},{"start":{"line":28,"column":65},"end":{"line":28,"column":null}}]}},"s":{"0":11,"1":11,"2":11,"3":11,"4":11,"5":29,"6":11},"f":{"0":29},"b":{"0":[16],"1":[25],"2":[4,25]}}
,"E:\\asnet\\react-training\\practice-3\\products-management-app\\src\\components\\commons\\SelectItem\\index.tsx": {"path":"E:\\asnet\\react-training\\practice-3\\products-management-app\\src\\components\\commons\\SelectItem\\index.tsx","statementMap":{"0":{"start":{"line":2,"column":0},"end":{"line":2,"column":null}},"1":{"start":{"line":11,"column":0},"end":{"line":11,"column":21}},"2":{"start":{"line":22,"column":19},"end":{"line":58,"column":null}},"3":{"start":{"line":27,"column":30},"end":{"line":27,"column":60}},"4":{"start":{"line":29,"column":25},"end":{"line":34,"column":10}},"5":{"start":{"line":30,"column":24},"end":{"line":30,"column":70}},"6":{"start":{"line":31,"column":6},"end":{"line":31,"column":25}},"7":{"start":{"line":33,"column":6},"end":{"line":33,"column":49}},"8":{"start":{"line":36,"column":4},"end":{"line":57,"column":6}},"9":{"start":{"line":51,"column":12},"end":{"line":51,"column":32}},"10":{"start":{"line":61,"column":0},"end":{"line":61,"column":38}},"11":{"start":{"line":63,"column":0},"end":{"line":63,"column":32}}},"fnMap":{"0":{"name":"(anonymous_0)","decl":{"start":{"line":23,"column":2},"end":{"line":23,"column":null}},"loc":{"start":{"line":26,"column":6},"end":{"line":58,"column":3}}},"1":{"name":"(anonymous_1)","decl":{"start":{"line":29,"column":37},"end":{"line":29,"column":38}},"loc":{"start":{"line":29,"column":60},"end":{"line":34,"column":5}}},"2":{"name":"(anonymous_2)","decl":{"start":{"line":50,"column":23},"end":{"line":50,"column":24}},"loc":{"start":{"line":51,"column":12},"end":{"line":51,"column":32}}}},"branchMap":{"0":{"loc":{"start":{"line":24,"column":42},"end":{"line":24,"column":57}},"type":"default-arg","locations":[{"start":{"line":24,"column":52},"end":{"line":24,"column":57}}]},"1":{"loc":{"start":{"line":25,"column":4},"end":{"line":25,"column":14}},"type":"default-arg","locations":[{"start":{"line":25,"column":10},"end":{"line":25,"column":14}}]},"2":{"loc":{"start":{"line":33,"column":6},"end":{"line":33,"column":48}},"type":"binary-expr","locations":[{"start":{"line":33,"column":6},"end":{"line":33,"column":20}},{"start":{"line":33,"column":24},"end":{"line":33,"column":48}}]}},"s":{"0":11,"1":11,"2":11,"3":17,"4":17,"5":2,"6":2,"7":2,"8":17,"9":43,"10":11,"11":11},"f":{"0":17,"1":2,"2":43},"b":{"0":[13],"1":[0],"2":[2,2]}}
,"E:\\asnet\\react-training\\practice-3\\products-management-app\\src\\components\\commons\\Text\\index.tsx": {"path":"E:\\asnet\\react-training\\practice-3\\products-management-app\\src\\components\\commons\\Text\\index.tsx","statementMap":{"0":{"start":{"line":2,"column":0},"end":{"line":2,"column":47}},"1":{"start":{"line":5,"column":0},"end":{"line":5,"column":68}},"2":{"start":{"line":8,"column":0},"end":{"line":8,"column":21}},"3":{"start":{"line":19,"column":34},"end":{"line":37,"column":null}},"4":{"start":{"line":27,"column":2},"end":{"line":36,"column":null}},"5":{"start":{"line":40,"column":0},"end":{"line":40,"column":26}}},"fnMap":{"0":{"name":"(anonymous_0)","decl":{"start":{"line":19,"column":34},"end":{"line":19,"column":35}},"loc":{"start":{"line":27,"column":2},"end":{"line":36,"column":null}}}},"branchMap":{"0":{"loc":{"start":{"line":22,"column":2},"end":{"line":22,"column":28}},"type":"default-arg","locations":[{"start":{"line":22,"column":15},"end":{"line":22,"column":28}}]},"1":{"loc":{"start":{"line":24,"column":2},"end":{"line":24,"column":28}},"type":"default-arg","locations":[{"start":{"line":24,"column":14},"end":{"line":24,"column":28}}]},"2":{"loc":{"start":{"line":25,"column":2},"end":{"line":25,"column":33}},"type":"default-arg","locations":[{"start":{"line":25,"column":12},"end":{"line":25,"column":33}}]}},"s":{"0":11,"1":11,"2":11,"3":11,"4":23,"5":11},"f":{"0":23},"b":{"0":[22],"1":[22],"2":[6]}}
,"E:\\asnet\\react-training\\practice-3\\products-management-app\\src\\components\\commons\\TextField\\index.tsx": {"path":"E:\\asnet\\react-training\\practice-3\\products-management-app\\src\\components\\commons\\TextField\\index.tsx","statementMap":{"0":{"start":{"line":2,"column":0},"end":{"line":2,"column":null}},"1":{"start":{"line":11,"column":0},"end":{"line":11,"column":42}},"2":{"start":{"line":14,"column":0},"end":{"line":14,"column":21}},"3":{"start":{"line":17,"column":0},"end":{"line":17,"column":null}},"4":{"start":{"line":41,"column":18},"end":{"line":99,"column":null}},"5":{"start":{"line":60,"column":30},"end":{"line":60,"column":69}},"6":{"start":{"line":62,"column":25},"end":{"line":67,"column":10}},"7":{"start":{"line":63,"column":24},"end":{"line":63,"column":70}},"8":{"start":{"line":64,"column":6},"end":{"line":64,"column":22}},"9":{"start":{"line":66,"column":6},"end":{"line":66,"column":47}},"10":{"start":{"line":69,"column":4},"end":{"line":98,"column":6}},"11":{"start":{"line":102,"column":0},"end":{"line":102,"column":36}},"12":{"start":{"line":104,"column":0},"end":{"line":104,"column":31}}},"fnMap":{"0":{"name":"(anonymous_0)","decl":{"start":{"line":42,"column":2},"end":{"line":42,"column":null}},"loc":{"start":{"line":59,"column":6},"end":{"line":99,"column":3}}},"1":{"name":"(anonymous_1)","decl":{"start":{"line":62,"column":37},"end":{"line":62,"column":38}},"loc":{"start":{"line":62,"column":60},"end":{"line":67,"column":5}}}},"branchMap":{"0":{"loc":{"start":{"line":45,"column":6},"end":{"line":45,"column":23}},"type":"default-arg","locations":[{"start":{"line":45,"column":21},"end":{"line":45,"column":23}}]},"1":{"loc":{"start":{"line":46,"column":6},"end":{"line":46,"column":22}},"type":"default-arg","locations":[{"start":{"line":46,"column":17},"end":{"line":46,"column":22}}]},"2":{"loc":{"start":{"line":50,"column":6},"end":{"line":50,"column":31}},"type":"default-arg","locations":[{"start":{"line":50,"column":13},"end":{"line":50,"column":31}}]},"3":{"loc":{"start":{"line":51,"column":6},"end":{"line":51,"column":22}},"type":"default-arg","locations":[{"start":{"line":51,"column":17},"end":{"line":51,"column":22}}]},"4":{"loc":{"start":{"line":52,"column":6},"end":{"line":52,"column":22}},"type":"default-arg","locations":[{"start":{"line":52,"column":17},"end":{"line":52,"column":22}}]},"5":{"loc":{"start":{"line":55,"column":6},"end":{"line":55,"column":42}},"type":"default-arg","locations":[{"start":{"line":55,"column":16},"end":{"line":55,"column":42}}]},"6":{"loc":{"start":{"line":58,"column":4},"end":{"line":58,"column":14}},"type":"default-arg","locations":[{"start":{"line":58,"column":10},"end":{"line":58,"column":14}}]},"7":{"loc":{"start":{"line":66,"column":6},"end":{"line":66,"column":46}},"type":"binary-expr","locations":[{"start":{"line":66,"column":6},"end":{"line":66,"column":19}},{"start":{"line":66,"column":23},"end":{"line":66,"column":46}}]},"8":{"loc":{"start":{"line":71,"column":9},"end":{"line":71,"column":57}},"type":"binary-expr","locations":[{"start":{"line":71,"column":9},"end":{"line":71,"column":14}},{"start":{"line":71,"column":18},"end":{"line":71,"column":57}}]},"9":{"loc":{"start":{"line":73,"column":11},"end":{"line":80,"column":null}},"type":"binary-expr","locations":[{"start":{"line":73,"column":11},"end":{"line":73,"column":18}},{"start":{"line":74,"column":12},"end":{"line":79,"column":null}}]}},"s":{"0":10,"1":10,"2":10,"3":10,"4":10,"5":23,"6":23,"7":1,"8":1,"9":1,"10":23,"11":10,"12":10},"f":{"0":23,"1":1},"b":{"0":[8],"1":[22],"2":[11],"3":[10],"4":[23],"5":[23],"6":[0],"7":[1,1],"8":[23,13],"9":[23,1]}}
,"E:\\asnet\\react-training\\practice-3\\products-management-app\\src\\components\\commons\\Title\\index.tsx": {"path":"E:\\asnet\\react-training\\practice-3\\products-management-app\\src\\components\\commons\\Title\\index.tsx","statementMap":{"0":{"start":{"line":2,"column":0},"end":{"line":2,"column":47}},"1":{"start":{"line":5,"column":0},"end":{"line":5,"column":21}},"2":{"start":{"line":8,"column":0},"end":{"line":8,"column":59}},"3":{"start":{"line":21,"column":36},"end":{"line":42,"column":null}},"4":{"start":{"line":31,"column":2},"end":{"line":41,"column":null}},"5":{"start":{"line":45,"column":0},"end":{"line":45,"column":27}}},"fnMap":{"0":{"name":"(anonymous_0)","decl":{"start":{"line":21,"column":36},"end":{"line":21,"column":37}},"loc":{"start":{"line":31,"column":2},"end":{"line":41,"column":null}}}},"branchMap":{"0":{"loc":{"start":{"line":23,"column":2},"end":{"line":23,"column":16}},"type":"default-arg","locations":[{"start":{"line":23,"column":14},"end":{"line":23,"column":16}}]},"1":{"loc":{"start":{"line":27,"column":2},"end":{"line":27,"column":23}},"type":"default-arg","locations":[{"start":{"line":27,"column":14},"end":{"line":27,"column":23}}]},"2":{"loc":{"start":{"line":29,"column":2},"end":{"line":29,"column":32}},"type":"default-arg","locations":[{"start":{"line":29,"column":12},"end":{"line":29,"column":32}}]}},"s":{"0":11,"1":11,"2":11,"3":11,"4":62,"5":11},"f":{"0":62},"b":{"0":[44],"1":[43],"2":[25]}}
,"E:\\asnet\\react-training\\practice-3\\products-management-app\\src\\constants\\actions.ts": {"path":"E:\\asnet\\react-training\\practice-3\\products-management-app\\src\\constants\\actions.ts","statementMap":{"0":{"start":{"line":2,"column":16},"end":{"line":26,"column":2}},"1":{"start":{"line":28,"column":9},"end":{"line":28,"column":16}}},"fnMap":{},"branchMap":{},"s":{"0":12,"1":12},"f":{},"b":{}}
,"E:\\asnet\\react-training\\practice-3\\products-management-app\\src\\constants\\api.ts": {"path":"E:\\asnet\\react-training\\practice-3\\products-management-app\\src\\constants\\api.ts","statementMap":{"0":{"start":{"line":1,"column":13},"end":{"line":1,"column":63}}},"fnMap":{},"branchMap":{},"s":{"0":15},"f":{},"b":{}}
,"E:\\asnet\\react-training\\practice-3\\products-management-app\\src\\constants\\index.ts": {"path":"E:\\asnet\\react-training\\practice-3\\products-management-app\\src\\constants\\index.ts","statementMap":{"0":{"start":{"line":1,"column":0},"end":{"line":1,"column":22}},"1":{"start":{"line":2,"column":0},"end":{"line":2,"column":27}},"2":{"start":{"line":3,"column":0},"end":{"line":3,"column":25}},"3":{"start":{"line":4,"column":0},"end":{"line":4,"column":24}},"4":{"start":{"line":5,"column":0},"end":{"line":5,"column":26}}},"fnMap":{},"branchMap":{},"s":{"0":12,"1":12,"2":12,"3":12,"4":12},"f":{},"b":{}}
,"E:\\asnet\\react-training\\practice-3\\products-management-app\\src\\constants\\messages.ts": {"path":"E:\\asnet\\react-training\\practice-3\\products-management-app\\src\\constants\\messages.ts","statementMap":{"0":{"start":{"line":1,"column":23},"end":{"line":14,"column":2}},"1":{"start":{"line":22,"column":9},"end":{"line":22,"column":23}},"2":{"start":{"line":16,"column":25},"end":{"line":20,"column":2}},"3":{"start":{"line":22,"column":25},"end":{"line":22,"column":41}}},"fnMap":{},"branchMap":{},"s":{"0":15,"1":15,"2":15,"3":15},"f":{},"b":{}}
,"E:\\asnet\\react-training\\practice-3\\products-management-app\\src\\constants\\routes.ts": {"path":"E:\\asnet\\react-training\\practice-3\\products-management-app\\src\\constants\\routes.ts","statementMap":{"0":{"start":{"line":1,"column":12},"end":{"line":4,"column":2}},"1":{"start":{"line":6,"column":9},"end":{"line":6,"column":12}}},"fnMap":{},"branchMap":{},"s":{"0":12,"1":12},"f":{},"b":{}}
,"E:\\asnet\\react-training\\practice-3\\products-management-app\\src\\constants\\types.ts": {"path":"E:\\asnet\\react-training\\practice-3\\products-management-app\\src\\constants\\types.ts","statementMap":{"0":{"start":{"line":1,"column":0},"end":{"line":1,"column":null}},"1":{"start":{"line":2,"column":2},"end":{"line":2,"column":null}},"2":{"start":{"line":3,"column":2},"end":{"line":3,"column":null}},"3":{"start":{"line":4,"column":2},"end":{"line":4,"column":null}},"4":{"start":{"line":7,"column":0},"end":{"line":7,"column":null}},"5":{"start":{"line":8,"column":2},"end":{"line":8,"column":null}},"6":{"start":{"line":9,"column":2},"end":{"line":9,"column":null}},"7":{"start":{"line":10,"column":2},"end":{"line":10,"column":null}},"8":{"start":{"line":13,"column":13},"end":{"line":17,"column":2}},"9":{"start":{"line":19,"column":0},"end":{"line":19,"column":null}},"10":{"start":{"line":20,"column":2},"end":{"line":20,"column":null}},"11":{"start":{"line":21,"column":2},"end":{"line":21,"column":null}},"12":{"start":{"line":24,"column":13},"end":{"line":24,"column":79}},"13":{"start":{"line":33,"column":13},"end":{"line":38,"column":2}}},"fnMap":{"0":{"name":"(anonymous_0)","decl":{"start":{"line":1,"column":0},"end":{"line":1,"column":12}},"loc":{"start":{"line":1,"column":22},"end":{"line":5,"column":1}}},"1":{"name":"(anonymous_1)","decl":{"start":{"line":7,"column":0},"end":{"line":7,"column":12}},"loc":{"start":{"line":7,"column":24},"end":{"line":11,"column":1}}},"2":{"name":"(anonymous_2)","decl":{"start":{"line":19,"column":0},"end":{"line":19,"column":12}},"loc":{"start":{"line":19,"column":30},"end":{"line":22,"column":1}}}},"branchMap":{"0":{"loc":{"start":{"line":1,"column":12},"end":{"line":1,"column":null}},"type":"binary-expr","locations":[{"start":{"line":1,"column":12},"end":{"line":1,"column":22}},{"start":{"line":1,"column":12},"end":{"line":1,"column":null}}]},"1":{"loc":{"start":{"line":7,"column":12},"end":{"line":7,"column":null}},"type":"binary-expr","locations":[{"start":{"line":7,"column":12},"end":{"line":7,"column":24}},{"start":{"line":7,"column":12},"end":{"line":7,"column":null}}]},"2":{"loc":{"start":{"line":19,"column":12},"end":{"line":19,"column":null}},"type":"binary-expr","locations":[{"start":{"line":19,"column":12},"end":{"line":19,"column":30}},{"start":{"line":19,"column":12},"end":{"line":19,"column":null}}]}},"s":{"0":15,"1":15,"2":15,"3":15,"4":15,"5":15,"6":15,"7":15,"8":15,"9":15,"10":15,"11":15,"12":15,"13":15},"f":{"0":15,"1":15,"2":15},"b":{"0":[15,15],"1":[15,15],"2":[15,15]}}
,"E:\\asnet\\react-training\\practice-3\\products-management-app\\src\\helpers\\clientRequests.ts": {"path":"E:\\asnet\\react-training\\practice-3\\products-management-app\\src\\helpers\\clientRequests.ts","statementMap":{"0":{"start":{"line":2,"column":0},"end":{"line":2,"column":45}},"1":{"start":{"line":6,"column":0},"end":{"line":6,"column":53}},"2":{"start":{"line":14,"column":12},"end":{"line":22,"column":1}},"3":{"start":{"line":15,"column":2},"end":{"line":21,"column":null}},"4":{"start":{"line":16,"column":34},"end":{"line":16,"column":54}},"5":{"start":{"line":18,"column":4},"end":{"line":18,"column":20}},"6":{"start":{"line":20,"column":4},"end":{"line":20,"column":58}},"7":{"start":{"line":70,"column":9},"end":{"line":70,"column":12}},"8":{"start":{"line":31,"column":13},"end":{"line":35,"column":1}},"9":{"start":{"line":32,"column":38},"end":{"line":32,"column":65}},"10":{"start":{"line":34,"column":2},"end":{"line":34,"column":18}},"11":{"start":{"line":70,"column":14},"end":{"line":70,"column":18}},"12":{"start":{"line":43,"column":15},"end":{"line":51,"column":1}},"13":{"start":{"line":44,"column":2},"end":{"line":50,"column":null}},"14":{"start":{"line":45,"column":40},"end":{"line":45,"column":63}},"15":{"start":{"line":47,"column":4},"end":{"line":47,"column":20}},"16":{"start":{"line":49,"column":4},"end":{"line":49,"column":58}},"17":{"start":{"line":70,"column":28},"end":{"line":70,"column":34}},"18":{"start":{"line":60,"column":15},"end":{"line":68,"column":1}},"19":{"start":{"line":61,"column":2},"end":{"line":67,"column":null}},"20":{"start":{"line":62,"column":40},"end":{"line":62,"column":66}},"21":{"start":{"line":64,"column":4},"end":{"line":64,"column":20}},"22":{"start":{"line":66,"column":4},"end":{"line":66,"column":58}},"23":{"start":{"line":70,"column":20},"end":{"line":70,"column":26}}},"fnMap":{"0":{"name":"(anonymous_0)","decl":{"start":{"line":14,"column":12},"end":{"line":14,"column":17}},"loc":{"start":{"line":14,"column":49},"end":{"line":22,"column":1}}},"1":{"name":"(anonymous_1)","decl":{"start":{"line":31,"column":13},"end":{"line":31,"column":18}},"loc":{"start":{"line":31,"column":68},"end":{"line":35,"column":1}}},"2":{"name":"(anonymous_2)","decl":{"start":{"line":43,"column":15},"end":{"line":43,"column":20}},"loc":{"start":{"line":43,"column":55},"end":{"line":51,"column":1}}},"3":{"name":"(anonymous_3)","decl":{"start":{"line":60,"column":15},"end":{"line":60,"column":20}},"loc":{"start":{"line":60,"column":70},"end":{"line":68,"column":1}}}},"branchMap":{},"s":{"0":14,"1":14,"2":14,"3":2,"4":2,"5":1,"6":1,"7":14,"8":14,"9":1,"10":1,"11":14,"12":14,"13":1,"14":1,"15":1,"16":0,"17":14,"18":14,"19":1,"20":1,"21":1,"22":0,"23":14},"f":{"0":2,"1":1,"2":1,"3":1},"b":{}}
,"E:\\asnet\\react-training\\practice-3\\products-management-app\\src\\helpers\\index.ts": {"path":"E:\\asnet\\react-training\\practice-3\\products-management-app\\src\\helpers\\index.ts","statementMap":{"0":{"start":{"line":1,"column":0},"end":{"line":1,"column":25}},"1":{"start":{"line":2,"column":0},"end":{"line":2,"column":33}},"2":{"start":{"line":3,"column":0},"end":{"line":3,"column":32}},"3":{"start":{"line":4,"column":0},"end":{"line":4,"column":27}}},"fnMap":{},"branchMap":{},"s":{"0":14,"1":14,"2":14,"3":14},"f":{},"b":{}}
,"E:\\asnet\\react-training\\practice-3\\products-management-app\\src\\helpers\\string.ts": {"path":"E:\\asnet\\react-training\\practice-3\\products-management-app\\src\\helpers\\string.ts","statementMap":{"0":{"start":{"line":7,"column":30},"end":{"line":27,"column":1}},"1":{"start":{"line":9,"column":14},"end":{"line":9,"column":40}},"2":{"start":{"line":12,"column":15},"end":{"line":12,"column":17}},"3":{"start":{"line":13,"column":14},"end":{"line":13,"column":15}},"4":{"start":{"line":15,"column":2},"end":{"line":24,"column":null}},"5":{"start":{"line":15,"column":15},"end":{"line":15,"column":29}},"6":{"start":{"line":16,"column":4},"end":{"line":23,"column":null}},"7":{"start":{"line":17,"column":6},"end":{"line":17,"column":31}},"8":{"start":{"line":18,"column":6},"end":{"line":18,"column":24}},"9":{"start":{"line":20,"column":6},"end":{"line":20,"column":28}},"10":{"start":{"line":21,"column":6},"end":{"line":21,"column":16}},"11":{"start":{"line":22,"column":6},"end":{"line":22,"column":16}},"12":{"start":{"line":26,"column":2},"end":{"line":26,"column":16}},"13":{"start":{"line":7,"column":13},"end":{"line":7,"column":30}}},"fnMap":{"0":{"name":"(anonymous_0)","decl":{"start":{"line":7,"column":30},"end":{"line":7,"column":31}},"loc":{"start":{"line":7,"column":56},"end":{"line":27,"column":1}}}},"branchMap":{"0":{"loc":{"start":{"line":16,"column":4},"end":{"line":23,"column":null}},"type":"if","locations":[{"start":{"line":16,"column":4},"end":{"line":23,"column":null}},{"start":{"line":19,"column":11},"end":{"line":23,"column":null}}]}},"s":{"0":14,"1":21,"2":21,"3":21,"4":21,"5":21,"6":179,"7":140,"8":140,"9":39,"10":39,"11":39,"12":21,"13":14},"f":{"0":21},"b":{"0":[140,39]}}
,"E:\\asnet\\react-training\\practice-3\\products-management-app\\src\\helpers\\urlGeneration.ts": {"path":"E:\\asnet\\react-training\\practice-3\\products-management-app\\src\\helpers\\urlGeneration.ts","statementMap":{"0":{"start":{"line":1,"column":0},"end":{"line":1,"column":46}},"1":{"start":{"line":10,"column":22},"end":{"line":31,"column":1}},"2":{"start":{"line":11,"column":44},"end":{"line":11,"column":56}},"3":{"start":{"line":13,"column":23},"end":{"line":13,"column":35}},"4":{"start":{"line":15,"column":2},"end":{"line":30,"column":null}},"5":{"start":{"line":17,"column":6},"end":{"line":17,"column":74}},"6":{"start":{"line":20,"column":6},"end":{"line":20,"column":41}},"7":{"start":{"line":23,"column":6},"end":{"line":23,"column":61}},"8":{"start":{"line":26,"column":6},"end":{"line":26,"column":50}},"9":{"start":{"line":29,"column":6},"end":{"line":29,"column":20}},"10":{"start":{"line":33,"column":9},"end":{"line":33,"column":22}}},"fnMap":{"0":{"name":"(anonymous_0)","decl":{"start":{"line":10,"column":22},"end":{"line":10,"column":23}},"loc":{"start":{"line":10,"column":51},"end":{"line":31,"column":1}}}},"branchMap":{"0":{"loc":{"start":{"line":15,"column":2},"end":{"line":30,"column":null}},"type":"switch","locations":[{"start":{"line":16,"column":4},"end":{"line":17,"column":74}},{"start":{"line":19,"column":4},"end":{"line":20,"column":41}},{"start":{"line":22,"column":4},"end":{"line":23,"column":61}},{"start":{"line":25,"column":4},"end":{"line":26,"column":50}},{"start":{"line":28,"column":4},"end":{"line":29,"column":20}}]},"1":{"loc":{"start":{"line":16,"column":9},"end":{"line":16,"column":31}},"type":"binary-expr","locations":[{"start":{"line":16,"column":9},"end":{"line":16,"column":21}},{"start":{"line":16,"column":25},"end":{"line":16,"column":31}}]},"2":{"loc":{"start":{"line":25,"column":9},"end":{"line":25,"column":42}},"type":"binary-expr","locations":[{"start":{"line":25,"column":9},"end":{"line":25,"column":20}},{"start":{"line":25,"column":24},"end":{"line":25,"column":42}}]}},"s":{"0":14,"1":14,"2":4,"3":4,"4":4,"5":1,"6":1,"7":1,"8":1,"9":0,"10":14},"f":{"0":4},"b":{"0":[1,1,1,1,0],"1":[4,2],"2":[1,1]}}
,"E:\\asnet\\react-training\\practice-3\\products-management-app\\src\\helpers\\validate.ts": {"path":"E:\\asnet\\react-training\\practice-3\\products-management-app\\src\\helpers\\validate.ts","statementMap":{"0":{"start":{"line":2,"column":0},"end":{"line":2,"column":53}},"1":{"start":{"line":3,"column":0},"end":{"line":3,"column":76}},"2":{"start":{"line":8,"column":31},"end":{"line":29,"column":1}},"3":{"start":{"line":9,"column":32},"end":{"line":9,"column":50}},"4":{"start":{"line":11,"column":2},"end":{"line":13,"column":null}},"5":{"start":{"line":12,"column":4},"end":{"line":12,"column":55}},"6":{"start":{"line":14,"column":2},"end":{"line":20,"column":null}},"7":{"start":{"line":15,"column":4},"end":{"line":15,"column":55}},"8":{"start":{"line":16,"column":9},"end":{"line":20,"column":null}},"9":{"start":{"line":19,"column":4},"end":{"line":19,"column":39}},"10":{"start":{"line":21,"column":2},"end":{"line":23,"column":null}},"11":{"start":{"line":22,"column":4},"end":{"line":22,"column":57}},"12":{"start":{"line":24,"column":2},"end":{"line":26,"column":null}},"13":{"start":{"line":25,"column":4},"end":{"line":25,"column":60}},"14":{"start":{"line":28,"column":2},"end":{"line":28,"column":16}},"15":{"start":{"line":8,"column":13},"end":{"line":8,"column":31}}},"fnMap":{"0":{"name":"(anonymous_0)","decl":{"start":{"line":8,"column":31},"end":{"line":8,"column":32}},"loc":{"start":{"line":8,"column":76},"end":{"line":29,"column":1}}}},"branchMap":{"0":{"loc":{"start":{"line":11,"column":2},"end":{"line":13,"column":null}},"type":"if","locations":[{"start":{"line":11,"column":2},"end":{"line":13,"column":null}}]},"1":{"loc":{"start":{"line":14,"column":2},"end":{"line":20,"column":null}},"type":"if","locations":[{"start":{"line":14,"column":2},"end":{"line":20,"column":null}},{"start":{"line":16,"column":9},"end":{"line":20,"column":null}}]},"2":{"loc":{"start":{"line":16,"column":9},"end":{"line":20,"column":null}},"type":"if","locations":[{"start":{"line":16,"column":9},"end":{"line":20,"column":null}}]},"3":{"loc":{"start":{"line":21,"column":2},"end":{"line":23,"column":null}},"type":"if","locations":[{"start":{"line":21,"column":2},"end":{"line":23,"column":null}}]},"4":{"loc":{"start":{"line":24,"column":2},"end":{"line":26,"column":null}},"type":"if","locations":[{"start":{"line":24,"column":2},"end":{"line":26,"column":null}}]}},"s":{"0":14,"1":14,"2":14,"3":2,"4":2,"5":1,"6":2,"7":1,"8":1,"9":0,"10":2,"11":1,"12":2,"13":1,"14":2,"15":14},"f":{"0":2},"b":{"0":[1],"1":[1,1],"2":[0],"3":[1],"4":[1]}}
,"E:\\asnet\\react-training\\practice-3\\products-management-app\\src\\layouts\\Header\\index.tsx": {"path":"E:\\asnet\\react-training\\practice-3\\products-management-app\\src\\layouts\\Header\\index.tsx","statementMap":{"0":{"start":{"line":2,"column":0},"end":{"line":2,"column":36}},"1":{"start":{"line":6,"column":0},"end":{"line":6,"column":42}},"2":{"start":{"line":9,"column":0},"end":{"line":9,"column":37}},"3":{"start":{"line":12,"column":0},"end":{"line":12,"column":21}},"4":{"start":{"line":15,"column":0},"end":{"line":15,"column":52}},"5":{"start":{"line":19,"column":38},"end":{"line":26,"column":null}},"6":{"start":{"line":20,"column":2},"end":{"line":25,"column":null}},"7":{"start":{"line":29,"column":0},"end":{"line":29,"column":28}}},"fnMap":{"0":{"name":"(anonymous_0)","decl":{"start":{"line":19,"column":38},"end":{"line":19,"column":41}},"loc":{"start":{"line":20,"column":2},"end":{"line":25,"column":null}}}},"branchMap":{},"s":{"0":10,"1":10,"2":10,"3":10,"4":10,"5":10,"6":1,"7":10},"f":{"0":1},"b":{}}
,"E:\\asnet\\react-training\\practice-3\\products-management-app\\src\\store\\actions.ts": {"path":"E:\\asnet\\react-training\\practice-3\\products-management-app\\src\\store\\actions.ts","statementMap":{"0":{"start":{"line":2,"column":0},"end":{"line":2,"column":43}},"1":{"start":{"line":24,"column":27},"end":{"line":26,"column":2}},"2":{"start":{"line":24,"column":47},"end":{"line":26,"column":2}},"3":{"start":{"line":156,"column":2},"end":{"line":156,"column":20}},"4":{"start":{"line":28,"column":27},"end":{"line":31,"column":2}},"5":{"start":{"line":28,"column":79},"end":{"line":31,"column":2}},"6":{"start":{"line":157,"column":2},"end":{"line":157,"column":20}},"7":{"start":{"line":33,"column":26},"end":{"line":36,"column":2}},"8":{"start":{"line":33,"column":79},"end":{"line":36,"column":2}},"9":{"start":{"line":158,"column":2},"end":{"line":158,"column":19}},"10":{"start":{"line":39,"column":26},"end":{"line":41,"column":2}},"11":{"start":{"line":39,"column":46},"end":{"line":41,"column":2}},"12":{"start":{"line":159,"column":2},"end":{"line":159,"column":19}},"13":{"start":{"line":43,"column":26},"end":{"line":46,"column":2}},"14":{"start":{"line":43,"column":75},"end":{"line":46,"column":2}},"15":{"start":{"line":160,"column":2},"end":{"line":160,"column":19}},"16":{"start":{"line":48,"column":25},"end":{"line":51,"column":2}},"17":{"start":{"line":48,"column":78},"end":{"line":51,"column":2}},"18":{"start":{"line":161,"column":2},"end":{"line":161,"column":18}},"19":{"start":{"line":54,"column":26},"end":{"line":56,"column":2}},"20":{"start":{"line":54,"column":46},"end":{"line":56,"column":2}},"21":{"start":{"line":162,"column":2},"end":{"line":162,"column":19}},"22":{"start":{"line":58,"column":26},"end":{"line":64,"column":2}},"23":{"start":{"line":61,"column":20},"end":{"line":64,"column":2}},"24":{"start":{"line":163,"column":2},"end":{"line":163,"column":19}},"25":{"start":{"line":66,"column":25},"end":{"line":69,"column":2}},"26":{"start":{"line":66,"column":78},"end":{"line":69,"column":2}},"27":{"start":{"line":164,"column":2},"end":{"line":164,"column":18}},"28":{"start":{"line":72,"column":29},"end":{"line":74,"column":2}},"29":{"start":{"line":72,"column":49},"end":{"line":74,"column":2}},"30":{"start":{"line":165,"column":2},"end":{"line":165,"column":22}},"31":{"start":{"line":76,"column":29},"end":{"line":82,"column":2}},"32":{"start":{"line":79,"column":20},"end":{"line":82,"column":2}},"33":{"start":{"line":166,"column":2},"end":{"line":166,"column":22}},"34":{"start":{"line":84,"column":28},"end":{"line":89,"column":2}},"35":{"start":{"line":86,"column":20},"end":{"line":89,"column":2}},"36":{"start":{"line":167,"column":2},"end":{"line":167,"column":21}},"37":{"start":{"line":92,"column":27},"end":{"line":94,"column":2}},"38":{"start":{"line":92,"column":47},"end":{"line":94,"column":2}},"39":{"start":{"line":168,"column":2},"end":{"line":168,"column":20}},"40":{"start":{"line":96,"column":27},"end":{"line":102,"column":2}},"41":{"start":{"line":99,"column":20},"end":{"line":102,"column":2}},"42":{"start":{"line":169,"column":2},"end":{"line":169,"column":20}},"43":{"start":{"line":104,"column":26},"end":{"line":107,"column":2}},"44":{"start":{"line":104,"column":79},"end":{"line":107,"column":2}},"45":{"start":{"line":170,"column":2},"end":{"line":170,"column":19}},"46":{"start":{"line":110,"column":30},"end":{"line":112,"column":2}},"47":{"start":{"line":110,"column":50},"end":{"line":112,"column":2}},"48":{"start":{"line":171,"column":2},"end":{"line":171,"column":23}},"49":{"start":{"line":114,"column":30},"end":{"line":119,"column":2}},"50":{"start":{"line":116,"column":20},"end":{"line":119,"column":2}},"51":{"start":{"line":172,"column":2},"end":{"line":172,"column":23}},"52":{"start":{"line":121,"column":29},"end":{"line":126,"column":2}},"53":{"start":{"line":123,"column":20},"end":{"line":126,"column":2}},"54":{"start":{"line":173,"column":2},"end":{"line":173,"column":22}},"55":{"start":{"line":129,"column":30},"end":{"line":131,"column":2}},"56":{"start":{"line":129,"column":50},"end":{"line":131,"column":2}},"57":{"start":{"line":174,"column":2},"end":{"line":174,"column":23}},"58":{"start":{"line":133,"column":30},"end":{"line":138,"column":2}},"59":{"start":{"line":135,"column":20},"end":{"line":138,"column":2}},"60":{"start":{"line":175,"column":2},"end":{"line":175,"column":23}},"61":{"start":{"line":140,"column":29},"end":{"line":145,"column":2}},"62":{"start":{"line":142,"column":20},"end":{"line":145,"column":2}},"63":{"start":{"line":176,"column":2},"end":{"line":176,"column":22}},"64":{"start":{"line":148,"column":22},"end":{"line":150,"column":2}},"65":{"start":{"line":148,"column":42},"end":{"line":150,"column":2}},"66":{"start":{"line":177,"column":2},"end":{"line":177,"column":15}},"67":{"start":{"line":152,"column":28},"end":{"line":154,"column":2}},"68":{"start":{"line":152,"column":48},"end":{"line":154,"column":2}},"69":{"start":{"line":178,"column":2},"end":{"line":178,"column":21}}},"fnMap":{"0":{"name":"(anonymous_0)","decl":{"start":{"line":24,"column":27},"end":{"line":24,"column":43}},"loc":{"start":{"line":24,"column":47},"end":{"line":26,"column":2}}},"1":{"name":"(anonymous_1)","decl":{"start":{"line":28,"column":27},"end":{"line":28,"column":28}},"loc":{"start":{"line":28,"column":79},"end":{"line":31,"column":2}}},"2":{"name":"(anonymous_2)","decl":{"start":{"line":33,"column":26},"end":{"line":33,"column":27}},"loc":{"start":{"line":33,"column":79},"end":{"line":36,"column":2}}},"3":{"name":"(anonymous_3)","decl":{"start":{"line":39,"column":26},"end":{"line":39,"column":42}},"loc":{"start":{"line":39,"column":46},"end":{"line":41,"column":2}}},"4":{"name":"(anonymous_4)","decl":{"start":{"line":43,"column":26},"end":{"line":43,"column":27}},"loc":{"start":{"line":43,"column":75},"end":{"line":46,"column":2}}},"5":{"name":"(anonymous_5)","decl":{"start":{"line":48,"column":25},"end":{"line":48,"column":26}},"loc":{"start":{"line":48,"column":78},"end":{"line":51,"column":2}}},"6":{"name":"(anonymous_6)","decl":{"start":{"line":54,"column":26},"end":{"line":54,"column":42}},"loc":{"start":{"line":54,"column":46},"end":{"line":56,"column":2}}},"7":{"name":"(anonymous_7)","decl":{"start":{"line":58,"column":26},"end":{"line":58,"column":27}},"loc":{"start":{"line":61,"column":20},"end":{"line":64,"column":2}}},"8":{"name":"(anonymous_8)","decl":{"start":{"line":66,"column":25},"end":{"line":66,"column":26}},"loc":{"start":{"line":66,"column":78},"end":{"line":69,"column":2}}},"9":{"name":"(anonymous_9)","decl":{"start":{"line":72,"column":29},"end":{"line":72,"column":45}},"loc":{"start":{"line":72,"column":49},"end":{"line":74,"column":2}}},"10":{"name":"(anonymous_10)","decl":{"start":{"line":76,"column":29},"end":{"line":76,"column":30}},"loc":{"start":{"line":79,"column":20},"end":{"line":82,"column":2}}},"11":{"name":"(anonymous_11)","decl":{"start":{"line":84,"column":28},"end":{"line":84,"column":29}},"loc":{"start":{"line":86,"column":20},"end":{"line":89,"column":2}}},"12":{"name":"(anonymous_12)","decl":{"start":{"line":92,"column":27},"end":{"line":92,"column":43}},"loc":{"start":{"line":92,"column":47},"end":{"line":94,"column":2}}},"13":{"name":"(anonymous_13)","decl":{"start":{"line":96,"column":27},"end":{"line":96,"column":28}},"loc":{"start":{"line":99,"column":20},"end":{"line":102,"column":2}}},"14":{"name":"(anonymous_14)","decl":{"start":{"line":104,"column":26},"end":{"line":104,"column":27}},"loc":{"start":{"line":104,"column":79},"end":{"line":107,"column":2}}},"15":{"name":"(anonymous_15)","decl":{"start":{"line":110,"column":30},"end":{"line":110,"column":46}},"loc":{"start":{"line":110,"column":50},"end":{"line":112,"column":2}}},"16":{"name":"(anonymous_16)","decl":{"start":{"line":114,"column":30},"end":{"line":114,"column":31}},"loc":{"start":{"line":116,"column":20},"end":{"line":119,"column":2}}},"17":{"name":"(anonymous_17)","decl":{"start":{"line":121,"column":29},"end":{"line":121,"column":30}},"loc":{"start":{"line":123,"column":20},"end":{"line":126,"column":2}}},"18":{"name":"(anonymous_18)","decl":{"start":{"line":129,"column":30},"end":{"line":129,"column":46}},"loc":{"start":{"line":129,"column":50},"end":{"line":131,"column":2}}},"19":{"name":"(anonymous_19)","decl":{"start":{"line":133,"column":30},"end":{"line":133,"column":31}},"loc":{"start":{"line":135,"column":20},"end":{"line":138,"column":2}}},"20":{"name":"(anonymous_20)","decl":{"start":{"line":140,"column":29},"end":{"line":140,"column":30}},"loc":{"start":{"line":142,"column":20},"end":{"line":145,"column":2}}},"21":{"name":"(anonymous_21)","decl":{"start":{"line":148,"column":22},"end":{"line":148,"column":38}},"loc":{"start":{"line":148,"column":42},"end":{"line":150,"column":2}}},"22":{"name":"(anonymous_22)","decl":{"start":{"line":152,"column":28},"end":{"line":152,"column":44}},"loc":{"start":{"line":152,"column":48},"end":{"line":154,"column":2}}}},"branchMap":{},"s":{"0":11,"1":11,"2":1,"3":11,"4":11,"5":1,"6":11,"7":11,"8":1,"9":11,"10":11,"11":1,"12":11,"13":11,"14":1,"15":11,"16":11,"17":1,"18":11,"19":11,"20":1,"21":11,"22":11,"23":2,"24":11,"25":11,"26":1,"27":11,"28":11,"29":1,"30":11,"31":11,"32":0,"33":11,"34":11,"35":1,"36":11,"37":11,"38":1,"39":11,"40":11,"41":0,"42":11,"43":11,"44":1,"45":11,"46":11,"47":1,"48":11,"49":11,"50":0,"51":11,"52":11,"53":1,"54":11,"55":11,"56":0,"57":11,"58":11,"59":0,"60":11,"61":11,"62":1,"63":11,"64":11,"65":0,"66":11,"67":11,"68":0,"69":11},"f":{"0":1,"1":1,"2":1,"3":1,"4":1,"5":1,"6":1,"7":2,"8":1,"9":1,"10":0,"11":1,"12":1,"13":0,"14":1,"15":1,"16":0,"17":1,"18":0,"19":0,"20":1,"21":0,"22":0},"b":{}}
,"E:\\asnet\\react-training\\practice-3\\products-management-app\\src\\store\\index.ts": {"path":"E:\\asnet\\react-training\\practice-3\\products-management-app\\src\\store\\index.ts","statementMap":{"0":{"start":{"line":1,"column":0},"end":{"line":1,"column":24}},"1":{"start":{"line":2,"column":0},"end":{"line":2,"column":26}},"2":{"start":{"line":3,"column":0},"end":{"line":3,"column":26}}},"fnMap":{},"branchMap":{},"s":{"0":11,"1":11,"2":11},"f":{},"b":{}}
,"E:\\asnet\\react-training\\practice-3\\products-management-app\\src\\store\\reducer.ts": {"path":"E:\\asnet\\react-training\\practice-3\\products-management-app\\src\\store\\reducer.ts","statementMap":{"0":{"start":{"line":2,"column":0},"end":{"line":2,"column":43}},"1":{"start":{"line":18,"column":37},"end":{"line":24,"column":2}},"2":{"start":{"line":154,"column":18},"end":{"line":154,"column":32}},"3":{"start":{"line":33,"column":16},"end":{"line":152,"column":1}},"4":{"start":{"line":34,"column":2},"end":{"line":151,"column":null}},"5":{"start":{"line":36,"column":6},"end":{"line":40,"column":8}},"6":{"start":{"line":43,"column":6},"end":{"line":45,"column":8}},"7":{"start":{"line":52,"column":6},"end":{"line":55,"column":8}},"8":{"start":{"line":64,"column":6},"end":{"line":68,"column":8}},"9":{"start":{"line":71,"column":6},"end":{"line":75,"column":8}},"10":{"start":{"line":78,"column":6},"end":{"line":82,"column":8}},"11":{"start":{"line":85,"column":6},"end":{"line":90,"column":8}},"12":{"start":{"line":93,"column":6},"end":{"line":102,"column":8}},"13":{"start":{"line":97,"column":25},"end":{"line":97,"column":77}},"14":{"start":{"line":105,"column":35},"end":{"line":106,"column":null}},"15":{"start":{"line":106,"column":21},"end":{"line":106,"column":75}},"16":{"start":{"line":109,"column":6},"end":{"line":109,"column":72}},"17":{"start":{"line":111,"column":6},"end":{"line":116,"column":8}},"18":{"start":{"line":120,"column":6},"end":{"line":124,"column":8}},"19":{"start":{"line":128,"column":6},"end":{"line":132,"column":8}},"20":{"start":{"line":135,"column":6},"end":{"line":139,"column":8}},"21":{"start":{"line":143,"column":6},"end":{"line":146,"column":8}},"22":{"start":{"line":150,"column":6},"end":{"line":150,"column":19}},"23":{"start":{"line":154,"column":9},"end":{"line":154,"column":16}}},"fnMap":{"0":{"name":"(anonymous_0)","decl":{"start":{"line":33,"column":16},"end":{"line":33,"column":17}},"loc":{"start":{"line":33,"column":78},"end":{"line":152,"column":1}}},"1":{"name":"(anonymous_1)","decl":{"start":{"line":97,"column":12},"end":{"line":97,"column":13}},"loc":{"start":{"line":97,"column":25},"end":{"line":97,"column":77}}},"2":{"name":"(anonymous_2)","decl":{"start":{"line":106,"column":8},"end":{"line":106,"column":9}},"loc":{"start":{"line":106,"column":21},"end":{"line":106,"column":75}}}},"branchMap":{"0":{"loc":{"start":{"line":33,"column":17},"end":{"line":33,"column":39}},"type":"default-arg","locations":[{"start":{"line":33,"column":25},"end":{"line":33,"column":39}}]},"1":{"loc":{"start":{"line":34,"column":2},"end":{"line":151,"column":null}},"type":"switch","locations":[{"start":{"line":35,"column":4},"end":{"line":40,"column":8}},{"start":{"line":42,"column":4},"end":{"line":45,"column":8}},{"start":{"line":47,"column":4},"end":{"line":47,"column":37}},{"start":{"line":48,"column":4},"end":{"line":48,"column":37}},{"start":{"line":49,"column":4},"end":{"line":49,"column":38}},{"start":{"line":50,"column":4},"end":{"line":50,"column":40}},{"start":{"line":51,"column":4},"end":{"line":55,"column":8}},{"start":{"line":57,"column":4},"end":{"line":57,"column":37}},{"start":{"line":58,"column":4},"end":{"line":58,"column":37}},{"start":{"line":59,"column":4},"end":{"line":59,"column":39}},{"start":{"line":60,"column":4},"end":{"line":60,"column":40}},{"start":{"line":61,"column":4},"end":{"line":61,"column":40}},{"start":{"line":62,"column":4},"end":{"line":62,"column":36}},{"start":{"line":63,"column":4},"end":{"line":68,"column":8}},{"start":{"line":70,"column":4},"end":{"line":75,"column":8}},{"start":{"line":77,"column":4},"end":{"line":82,"column":8}},{"start":{"line":84,"column":4},"end":{"line":90,"column":8}},{"start":{"line":92,"column":4},"end":{"line":102,"column":8}},{"start":{"line":104,"column":4},"end":{"line":117,"column":null}},{"start":{"line":119,"column":4},"end":{"line":125,"column":null}},{"start":{"line":127,"column":4},"end":{"line":132,"column":8}},{"start":{"line":134,"column":4},"end":{"line":140,"column":null}},{"start":{"line":142,"column":4},"end":{"line":147,"column":null}},{"start":{"line":149,"column":4},"end":{"line":150,"column":19}}]}},"s":{"0":11,"1":11,"2":11,"3":11,"4":17,"5":1,"6":0,"7":5,"8":7,"9":1,"10":1,"11":2,"12":0,"13":0,"14":0,"15":0,"16":0,"17":0,"18":0,"19":0,"20":0,"21":0,"22":0,"23":11},"f":{"0":17,"1":0,"2":0},"b":{"0":[0],"1":[1,0,1,2,3,4,5,1,2,3,4,5,6,7,1,1,2,0,0,0,0,0,0,0]}}
,"E:\\asnet\\react-training\\practice-3\\products-management-app\\src\\store\\store.tsx": {"path":"E:\\asnet\\react-training\\practice-3\\products-management-app\\src\\store\\store.tsx","statementMap":{"0":{"start":{"line":2,"column":0},"end":{"line":2,"column":null}},"1":{"start":{"line":13,"column":0},"end":{"line":13,"column":57}},"2":{"start":{"line":20,"column":43},"end":{"line":23,"column":2}},"3":{"start":{"line":24,"column":0},"end":{"line":24,"column":28}},"4":{"start":{"line":26,"column":17},"end":{"line":26,"column":40}},"5":{"start":{"line":26,"column":23},"end":{"line":26,"column":40}},"6":{"start":{"line":48,"column":9},"end":{"line":48,"column":17}},"7":{"start":{"line":34,"column":52},"end":{"line":46,"column":1}},"8":{"start":{"line":39,"column":34},"end":{"line":39,"column":67}},"9":{"start":{"line":41,"column":2},"end":{"line":45,"column":4}},"10":{"start":{"line":48,"column":19},"end":{"line":48,"column":32}}},"fnMap":{"0":{"name":"(anonymous_0)","decl":{"start":{"line":22,"column":12},"end":{"line":22,"column":15}},"loc":{"start":{"line":22,"column":17},"end":{"line":22,"column":20}}},"1":{"name":"(anonymous_1)","decl":{"start":{"line":26,"column":17},"end":{"line":26,"column":20}},"loc":{"start":{"line":26,"column":23},"end":{"line":26,"column":40}}},"2":{"name":"(anonymous_2)","decl":{"start":{"line":34,"column":52},"end":{"line":34,"column":53}},"loc":{"start":{"line":38,"column":5},"end":{"line":46,"column":1}}}},"branchMap":{},"s":{"0":11,"1":11,"2":11,"3":11,"4":11,"5":2,"6":11,"7":11,"8":0,"9":0,"10":11},"f":{"0":0,"1":2,"2":0},"b":{}}
,"E:\\asnet\\react-training\\practice-3\\products-management-app\\src\\utils\\areEqual.ts": {"path":"E:\\asnet\\react-training\\practice-3\\products-management-app\\src\\utils\\areEqual.ts","statementMap":{"0":{"start":{"line":1,"column":24},"end":{"line":6,"column":1}},"1":{"start":{"line":5,"column":2},"end":{"line":5,"column":65}},"2":{"start":{"line":1,"column":13},"end":{"line":1,"column":24}}},"fnMap":{"0":{"name":"(anonymous_0)","decl":{"start":{"line":1,"column":24},"end":{"line":1,"column":null}},"loc":{"start":{"line":4,"column":13},"end":{"line":6,"column":1}}}},"branchMap":{},"s":{"0":11,"1":2,"2":11},"f":{"0":2},"b":{}}
}
