{"E:\\asnet\\react-training\\practice-3\\products-management-app\\src\\components\\commons\\Button\\index.tsx": {"path":"E:\\asnet\\react-training\\practice-3\\products-management-app\\src\\components\\commons\\Button\\index.tsx","statementMap":{"0":{"start":{"line":5,"column":0},"end":{"line":5,"column":50}},"1":{"start":{"line":8,"column":0},"end":{"line":8,"column":21}},"2":{"start":{"line":18,"column":38},"end":{"line":36,"column":1}},"3":{"start":{"line":25,"column":2},"end":{"line":35,"column":4}},"4":{"start":{"line":38,"column":0},"end":{"line":38,"column":22}}},"fnMap":{"0":{"name":"(anonymous_0)","decl":{"start":{"line":18,"column":38},"end":{"line":18,"column":39}},"loc":{"start":{"line":24,"column":5},"end":{"line":36,"column":1}}}},"branchMap":{"0":{"loc":{"start":{"line":20,"column":2},"end":{"line":20,"column":34}},"type":"default-arg","locations":[{"start":{"line":20,"column":12},"end":{"line":20,"column":34}}]},"1":{"loc":{"start":{"line":21,"column":2},"end":{"line":21,"column":20}},"type":"default-arg","locations":[{"start":{"line":21,"column":15},"end":{"line":21,"column":20}}]},"2":{"loc":{"start":{"line":22,"column":2},"end":{"line":22,"column":19}},"type":"default-arg","locations":[{"start":{"line":22,"column":14},"end":{"line":22,"column":19}}]},"3":{"loc":{"start":{"line":28,"column":8},"end":{"line":28,"column":null}},"type":"cond-expr","locations":[{"start":{"line":28,"column":21},"end":{"line":28,"column":35}},{"start":{"line":28,"column":38},"end":{"line":28,"column":null}}]},"4":{"loc":{"start":{"line":33,"column":7},"end":{"line":33,"column":39}},"type":"cond-expr","locations":[{"start":{"line":33,"column":19},"end":{"line":33,"column":31}},{"start":{"line":33,"column":34},"end":{"line":33,"column":39}}]}},"s":{"0":1,"1":1,"2":1,"3":5,"4":1},"f":{"0":5},"b":{"0":[5],"1":[4],"2":[4],"3":[1,4],"4":[1,4]}}
,"E:\\asnet\\react-training\\practice-3\\products-management-app\\src\\constants\\index.ts": {"path":"E:\\asnet\\react-training\\practice-3\\products-management-app\\src\\constants\\index.ts","statementMap":{"0":{"start":{"line":2,"column":0},"end":{"line":2,"column":null}},"1":{"start":{"line":27,"column":2},"end":{"line":3,"column":null}},"2":{"start":{"line":28,"column":2},"end":{"line":4,"column":null}},"3":{"start":{"line":25,"column":2},"end":{"line":5,"column":null}},"4":{"start":{"line":29,"column":2},"end":{"line":6,"column":null}},"5":{"start":{"line":26,"column":2},"end":{"line":7,"column":null}},"6":{"start":{"line":11,"column":0},"end":{"line":11,"column":9}},"7":{"start":{"line":30,"column":2},"end":{"line":11,"column":58}},"8":{"start":{"line":12,"column":0},"end":{"line":12,"column":9}},"9":{"start":{"line":31,"column":2},"end":{"line":12,"column":71}},"10":{"start":{"line":13,"column":0},"end":{"line":13,"column":9}},"11":{"start":{"line":32,"column":2},"end":{"line":13,"column":54}},"12":{"start":{"line":14,"column":0},"end":{"line":14,"column":9}},"13":{"start":{"line":33,"column":2},"end":{"line":14,"column":56}},"14":{"start":{"line":15,"column":0},"end":{"line":15,"column":9}},"15":{"start":{"line":34,"column":2},"end":{"line":15,"column":64}},"16":{"start":{"line":16,"column":0},"end":{"line":16,"column":9}},"17":{"start":{"line":35,"column":2},"end":{"line":16,"column":60}},"18":{"start":{"line":17,"column":0},"end":{"line":17,"column":9}},"19":{"start":{"line":36,"column":2},"end":{"line":17,"column":49}},"20":{"start":{"line":20,"column":0},"end":{"line":20,"column":9}},"21":{"start":{"line":23,"column":2},"end":{"line":20,"column":25}},"22":{"start":{"line":24,"column":2},"end":{"line":20,"column":62}}},"fnMap":{"0":{"name":"(anonymous_0)","decl":{"start":{"line":27,"column":2},"end":{"line":27,"column":12}},"loc":{"start":{"line":27,"column":2},"end":{"line":3,"column":null}}},"1":{"name":"(anonymous_1)","decl":{"start":{"line":28,"column":2},"end":{"line":28,"column":14}},"loc":{"start":{"line":28,"column":2},"end":{"line":4,"column":null}}},"2":{"name":"(anonymous_2)","decl":{"start":{"line":25,"column":2},"end":{"line":25,"column":19}},"loc":{"start":{"line":25,"column":2},"end":{"line":5,"column":null}}},"3":{"name":"(anonymous_3)","decl":{"start":{"line":29,"column":2},"end":{"line":29,"column":20}},"loc":{"start":{"line":29,"column":2},"end":{"line":6,"column":null}}},"4":{"name":"(anonymous_4)","decl":{"start":{"line":26,"column":2},"end":{"line":26,"column":15}},"loc":{"start":{"line":26,"column":2},"end":{"line":7,"column":null}}},"5":{"name":"(anonymous_5)","decl":{"start":{"line":30,"column":2},"end":{"line":30,"column":16}},"loc":{"start":{"line":30,"column":2},"end":{"line":11,"column":58}}},"6":{"name":"(anonymous_6)","decl":{"start":{"line":31,"column":2},"end":{"line":31,"column":22}},"loc":{"start":{"line":31,"column":2},"end":{"line":12,"column":71}}},"7":{"name":"(anonymous_7)","decl":{"start":{"line":32,"column":2},"end":{"line":32,"column":14}},"loc":{"start":{"line":32,"column":2},"end":{"line":13,"column":54}}},"8":{"name":"(anonymous_8)","decl":{"start":{"line":33,"column":2},"end":{"line":33,"column":15}},"loc":{"start":{"line":33,"column":2},"end":{"line":14,"column":56}}},"9":{"name":"(anonymous_9)","decl":{"start":{"line":34,"column":2},"end":{"line":34,"column":19}},"loc":{"start":{"line":34,"column":2},"end":{"line":15,"column":64}}},"10":{"name":"(anonymous_10)","decl":{"start":{"line":35,"column":2},"end":{"line":35,"column":15}},"loc":{"start":{"line":35,"column":2},"end":{"line":16,"column":60}}},"11":{"name":"(anonymous_11)","decl":{"start":{"line":36,"column":2},"end":{"line":36,"column":8}},"loc":{"start":{"line":36,"column":2},"end":{"line":17,"column":49}}},"12":{"name":"(anonymous_12)","decl":{"start":{"line":23,"column":2},"end":{"line":23,"column":16}},"loc":{"start":{"line":23,"column":2},"end":{"line":20,"column":25}}},"13":{"name":"(anonymous_13)","decl":{"start":{"line":24,"column":2},"end":{"line":24,"column":18}},"loc":{"start":{"line":24,"column":2},"end":{"line":20,"column":62}}}},"branchMap":{},"s":{"0":1,"1":1,"2":1,"3":1,"4":1,"5":1,"6":1,"7":6,"8":1,"9":1,"10":1,"11":1,"12":1,"13":1,"14":1,"15":1,"16":1,"17":1,"18":1,"19":1,"20":1,"21":1,"22":1},"f":{"0":0,"1":0,"2":0,"3":0,"4":0,"5":5,"6":0,"7":0,"8":0,"9":0,"10":0,"11":0,"12":0,"13":0},"b":{}}
,"E:\\asnet\\react-training\\practice-3\\products-management-app\\src\\constants\\messages.ts": {"path":"E:\\asnet\\react-training\\practice-3\\products-management-app\\src\\constants\\messages.ts","statementMap":{"0":{"start":{"line":1,"column":23},"end":{"line":12,"column":2}},"1":{"start":{"line":20,"column":9},"end":{"line":20,"column":23}},"2":{"start":{"line":14,"column":25},"end":{"line":18,"column":2}},"3":{"start":{"line":20,"column":25},"end":{"line":20,"column":41}}},"fnMap":{},"branchMap":{},"s":{"0":1,"1":1,"2":1,"3":1},"f":{},"b":{}}
,"E:\\asnet\\react-training\\practice-3\\products-management-app\\src\\constants\\types.ts": {"path":"E:\\asnet\\react-training\\practice-3\\products-management-app\\src\\constants\\types.ts","statementMap":{"0":{"start":{"line":1,"column":0},"end":{"line":1,"column":null}},"1":{"start":{"line":2,"column":2},"end":{"line":2,"column":null}},"2":{"start":{"line":3,"column":2},"end":{"line":3,"column":null}},"3":{"start":{"line":4,"column":2},"end":{"line":4,"column":null}},"4":{"start":{"line":7,"column":0},"end":{"line":7,"column":null}},"5":{"start":{"line":8,"column":2},"end":{"line":8,"column":null}},"6":{"start":{"line":9,"column":2},"end":{"line":9,"column":null}},"7":{"start":{"line":10,"column":2},"end":{"line":10,"column":null}},"8":{"start":{"line":13,"column":13},"end":{"line":17,"column":2}},"9":{"start":{"line":19,"column":0},"end":{"line":19,"column":null}},"10":{"start":{"line":20,"column":2},"end":{"line":20,"column":null}},"11":{"start":{"line":21,"column":2},"end":{"line":21,"column":null}},"12":{"start":{"line":24,"column":13},"end":{"line":24,"column":79}}},"fnMap":{"0":{"name":"(anonymous_0)","decl":{"start":{"line":1,"column":0},"end":{"line":1,"column":12}},"loc":{"start":{"line":1,"column":22},"end":{"line":5,"column":1}}},"1":{"name":"(anonymous_1)","decl":{"start":{"line":7,"column":0},"end":{"line":7,"column":12}},"loc":{"start":{"line":7,"column":24},"end":{"line":11,"column":1}}},"2":{"name":"(anonymous_2)","decl":{"start":{"line":19,"column":0},"end":{"line":19,"column":12}},"loc":{"start":{"line":19,"column":30},"end":{"line":22,"column":1}}}},"branchMap":{"0":{"loc":{"start":{"line":1,"column":12},"end":{"line":1,"column":null}},"type":"binary-expr","locations":[{"start":{"line":1,"column":12},"end":{"line":1,"column":22}},{"start":{"line":1,"column":12},"end":{"line":1,"column":null}}]},"1":{"loc":{"start":{"line":7,"column":12},"end":{"line":7,"column":null}},"type":"binary-expr","locations":[{"start":{"line":7,"column":12},"end":{"line":7,"column":24}},{"start":{"line":7,"column":12},"end":{"line":7,"column":null}}]},"2":{"loc":{"start":{"line":19,"column":12},"end":{"line":19,"column":null}},"type":"binary-expr","locations":[{"start":{"line":19,"column":12},"end":{"line":19,"column":30}},{"start":{"line":19,"column":12},"end":{"line":19,"column":null}}]}},"s":{"0":1,"1":1,"2":1,"3":1,"4":1,"5":1,"6":1,"7":1,"8":1,"9":1,"10":1,"11":1,"12":1},"f":{"0":1,"1":1,"2":1},"b":{"0":[1,1],"1":[1,1],"2":[1,1]}}
,"E:\\asnet\\react-training\\practice-3\\products-management-app\\src\\constants\\component-types\\button.ts": {"path":"E:\\asnet\\react-training\\practice-3\\products-management-app\\src\\constants\\component-types\\button.ts","statementMap":{"0":{"start":{"line":1,"column":0},"end":{"line":1,"column":null}},"1":{"start":{"line":2,"column":2},"end":{"line":2,"column":null}},"2":{"start":{"line":3,"column":2},"end":{"line":3,"column":null}},"3":{"start":{"line":4,"column":2},"end":{"line":4,"column":null}}},"fnMap":{"0":{"name":"(anonymous_0)","decl":{"start":{"line":1,"column":0},"end":{"line":1,"column":12}},"loc":{"start":{"line":1,"column":26},"end":{"line":5,"column":1}}}},"branchMap":{"0":{"loc":{"start":{"line":1,"column":12},"end":{"line":1,"column":null}},"type":"binary-expr","locations":[{"start":{"line":1,"column":12},"end":{"line":1,"column":26}},{"start":{"line":1,"column":12},"end":{"line":1,"column":null}}]}},"s":{"0":1,"1":1,"2":1,"3":1},"f":{"0":1},"b":{"0":[1,1]}}
,"E:\\asnet\\react-training\\practice-3\\products-management-app\\src\\constants\\component-types\\form.ts": {"path":"E:\\asnet\\react-training\\practice-3\\products-management-app\\src\\constants\\component-types\\form.ts","statementMap":{"0":{"start":{"line":1,"column":0},"end":{"line":1,"column":null}},"1":{"start":{"line":2,"column":2},"end":{"line":2,"column":null}},"2":{"start":{"line":3,"column":2},"end":{"line":3,"column":null}}},"fnMap":{"0":{"name":"(anonymous_0)","decl":{"start":{"line":1,"column":0},"end":{"line":1,"column":12}},"loc":{"start":{"line":1,"column":24},"end":{"line":4,"column":1}}}},"branchMap":{"0":{"loc":{"start":{"line":1,"column":12},"end":{"line":1,"column":null}},"type":"binary-expr","locations":[{"start":{"line":1,"column":12},"end":{"line":1,"column":24}},{"start":{"line":1,"column":12},"end":{"line":1,"column":null}}]}},"s":{"0":1,"1":1,"2":1},"f":{"0":1},"b":{"0":[1,1]}}
,"E:\\asnet\\react-training\\practice-3\\products-management-app\\src\\constants\\component-types\\image.ts": {"path":"E:\\asnet\\react-training\\practice-3\\products-management-app\\src\\constants\\component-types\\image.ts","statementMap":{"0":{"start":{"line":1,"column":0},"end":{"line":1,"column":null}},"1":{"start":{"line":2,"column":2},"end":{"line":2,"column":null}},"2":{"start":{"line":3,"column":2},"end":{"line":3,"column":null}},"3":{"start":{"line":4,"column":2},"end":{"line":4,"column":null}}},"fnMap":{"0":{"name":"(anonymous_0)","decl":{"start":{"line":1,"column":0},"end":{"line":1,"column":12}},"loc":{"start":{"line":1,"column":25},"end":{"line":5,"column":1}}}},"branchMap":{"0":{"loc":{"start":{"line":1,"column":12},"end":{"line":1,"column":null}},"type":"binary-expr","locations":[{"start":{"line":1,"column":12},"end":{"line":1,"column":25}},{"start":{"line":1,"column":12},"end":{"line":1,"column":null}}]}},"s":{"0":1,"1":1,"2":1,"3":1},"f":{"0":1},"b":{"0":[1,1]}}
,"E:\\asnet\\react-training\\practice-3\\products-management-app\\src\\constants\\component-types\\message-popup.ts": {"path":"E:\\asnet\\react-training\\practice-3\\products-management-app\\src\\constants\\component-types\\message-popup.ts","statementMap":{"0":{"start":{"line":1,"column":0},"end":{"line":1,"column":null}},"1":{"start":{"line":2,"column":2},"end":{"line":2,"column":null}},"2":{"start":{"line":3,"column":2},"end":{"line":3,"column":null}}},"fnMap":{"0":{"name":"(anonymous_0)","decl":{"start":{"line":1,"column":0},"end":{"line":1,"column":12}},"loc":{"start":{"line":1,"column":32},"end":{"line":4,"column":1}}}},"branchMap":{"0":{"loc":{"start":{"line":1,"column":12},"end":{"line":1,"column":null}},"type":"binary-expr","locations":[{"start":{"line":1,"column":12},"end":{"line":1,"column":32}},{"start":{"line":1,"column":12},"end":{"line":1,"column":null}}]}},"s":{"0":1,"1":1,"2":1},"f":{"0":1},"b":{"0":[1,1]}}
,"E:\\asnet\\react-training\\practice-3\\products-management-app\\src\\constants\\component-types\\textField.ts": {"path":"E:\\asnet\\react-training\\practice-3\\products-management-app\\src\\constants\\component-types\\textField.ts","statementMap":{"0":{"start":{"line":1,"column":0},"end":{"line":1,"column":null}},"1":{"start":{"line":2,"column":2},"end":{"line":2,"column":null}},"2":{"start":{"line":3,"column":2},"end":{"line":3,"column":null}},"3":{"start":{"line":4,"column":2},"end":{"line":4,"column":null}},"4":{"start":{"line":7,"column":0},"end":{"line":7,"column":null}},"5":{"start":{"line":8,"column":2},"end":{"line":8,"column":null}},"6":{"start":{"line":9,"column":2},"end":{"line":9,"column":null}},"7":{"start":{"line":10,"column":2},"end":{"line":10,"column":null}},"8":{"start":{"line":11,"column":2},"end":{"line":11,"column":null}}},"fnMap":{"0":{"name":"(anonymous_0)","decl":{"start":{"line":1,"column":0},"end":{"line":1,"column":12}},"loc":{"start":{"line":1,"column":29},"end":{"line":5,"column":1}}},"1":{"name":"(anonymous_1)","decl":{"start":{"line":7,"column":0},"end":{"line":7,"column":12}},"loc":{"start":{"line":7,"column":25},"end":{"line":12,"column":1}}}},"branchMap":{"0":{"loc":{"start":{"line":1,"column":12},"end":{"line":1,"column":null}},"type":"binary-expr","locations":[{"start":{"line":1,"column":12},"end":{"line":1,"column":29}},{"start":{"line":1,"column":12},"end":{"line":1,"column":null}}]},"1":{"loc":{"start":{"line":7,"column":12},"end":{"line":7,"column":null}},"type":"binary-expr","locations":[{"start":{"line":7,"column":12},"end":{"line":7,"column":25}},{"start":{"line":7,"column":12},"end":{"line":7,"column":null}}]}},"s":{"0":1,"1":1,"2":1,"3":1,"4":1,"5":1,"6":1,"7":1,"8":1},"f":{"0":1,"1":1},"b":{"0":[1,1],"1":[1,1]}}
,"E:\\asnet\\react-training\\practice-3\\products-management-app\\src\\constants\\component-types\\title.ts": {"path":"E:\\asnet\\react-training\\practice-3\\products-management-app\\src\\constants\\component-types\\title.ts","statementMap":{"0":{"start":{"line":1,"column":0},"end":{"line":1,"column":null}},"1":{"start":{"line":2,"column":2},"end":{"line":2,"column":null}},"2":{"start":{"line":3,"column":2},"end":{"line":3,"column":null}},"3":{"start":{"line":4,"column":2},"end":{"line":4,"column":null}}},"fnMap":{"0":{"name":"(anonymous_0)","decl":{"start":{"line":1,"column":0},"end":{"line":1,"column":12}},"loc":{"start":{"line":1,"column":18},"end":{"line":5,"column":1}}}},"branchMap":{"0":{"loc":{"start":{"line":1,"column":12},"end":{"line":1,"column":null}},"type":"binary-expr","locations":[{"start":{"line":1,"column":12},"end":{"line":1,"column":18}},{"start":{"line":1,"column":12},"end":{"line":1,"column":null}}]}},"s":{"0":1,"1":1,"2":1,"3":1},"f":{"0":1},"b":{"0":[1,1]}}
,"E:\\asnet\\react-training\\practice-3\\products-management-app\\src\\helpers\\index.ts": {"path":"E:\\asnet\\react-training\\practice-3\\products-management-app\\src\\helpers\\index.ts","statementMap":{"0":{"start":{"line":1,"column":0},"end":{"line":1,"column":25}}},"fnMap":{},"branchMap":{},"s":{"0":1},"f":{},"b":{}}
,"E:\\asnet\\react-training\\practice-3\\products-management-app\\src\\helpers\\string.ts": {"path":"E:\\asnet\\react-training\\practice-3\\products-management-app\\src\\helpers\\string.ts","statementMap":{"0":{"start":{"line":9,"column":12},"end":{"line":9,"column":38}},"1":{"start":{"line":12,"column":15},"end":{"line":12,"column":17}},"2":{"start":{"line":13,"column":14},"end":{"line":13,"column":15}},"3":{"start":{"line":15,"column":2},"end":{"line":24,"column":null}},"4":{"start":{"line":15,"column":15},"end":{"line":15,"column":29}},"5":{"start":{"line":16,"column":4},"end":{"line":23,"column":null}},"6":{"start":{"line":17,"column":6},"end":{"line":17,"column":31}},"7":{"start":{"line":18,"column":6},"end":{"line":18,"column":24}},"8":{"start":{"line":20,"column":6},"end":{"line":20,"column":28}},"9":{"start":{"line":21,"column":6},"end":{"line":21,"column":16}},"10":{"start":{"line":22,"column":6},"end":{"line":22,"column":16}},"11":{"start":{"line":26,"column":2},"end":{"line":26,"column":16}},"12":{"start":{"line":7,"column":0},"end":{"line":7,"column":16}}},"fnMap":{"0":{"name":"currencyFormat","decl":{"start":{"line":7,"column":16},"end":{"line":7,"column":30}},"loc":{"start":{"line":7,"column":44},"end":{"line":27,"column":1}}}},"branchMap":{"0":{"loc":{"start":{"line":16,"column":4},"end":{"line":23,"column":null}},"type":"if","locations":[{"start":{"line":16,"column":4},"end":{"line":23,"column":null}},{"start":{"line":19,"column":11},"end":{"line":23,"column":null}}]}},"s":{"0":2,"1":2,"2":2,"3":2,"4":2,"5":8,"6":7,"7":7,"8":1,"9":1,"10":1,"11":2,"12":1},"f":{"0":2},"b":{"0":[7,1]}}
}
