TN:
SF:src\assets\index.ts
FNF:0
FNH:0
DA:4,11
DA:5,11
DA:6,11
DA:11,11
DA:12,11
DA:13,11
DA:14,11
DA:17,11
DA:18,11
DA:19,11
DA:20,11
DA:21,11
DA:22,11
DA:23,11
LF:14
LH:14
BRF:0
BRH:0
end_of_record
TN:
SF:src\common-types\button.ts
FN:1,(anonymous_0)
FNF:1
FNH:1
FNDA:14,(anonymous_0)
DA:1,14
DA:2,14
DA:3,14
DA:4,14
LF:4
LH:4
BRDA:1,0,0,14
BRDA:1,0,1,14
BRF:2
BRH:2
end_of_record
TN:
SF:src\common-types\form.ts
FN:1,(anonymous_0)
FNF:1
FNH:1
FNDA:14,(anonymous_0)
DA:1,14
DA:2,14
DA:3,14
LF:3
LH:3
BRDA:1,0,0,14
BRDA:1,0,1,14
BRF:2
BRH:2
end_of_record
TN:
SF:src\common-types\image.ts
FN:1,(anonymous_0)
FNF:1
FNH:1
FNDA:14,(anonymous_0)
DA:1,14
DA:2,14
DA:3,14
DA:4,14
LF:4
LH:4
BRDA:1,0,0,14
BRDA:1,0,1,14
BRF:2
BRH:2
end_of_record
TN:
SF:src\common-types\index.ts
FNF:0
FNH:0
DA:1,14
DA:2,14
DA:3,14
DA:4,14
DA:5,14
DA:6,14
DA:7,14
LF:7
LH:7
BRF:0
BRH:0
end_of_record
TN:
SF:src\common-types\message-popup.ts
FN:1,(anonymous_0)
FNF:1
FNH:1
FNDA:14,(anonymous_0)
DA:1,14
DA:2,14
DA:3,14
LF:3
LH:3
BRDA:1,0,0,14
BRDA:1,0,1,14
BRF:2
BRH:2
end_of_record
TN:
SF:src\common-types\text.ts
FN:1,(anonymous_0)
FN:6,(anonymous_1)
FNF:2
FNH:2
FNDA:14,(anonymous_0)
FNDA:14,(anonymous_1)
DA:1,14
DA:2,14
DA:3,14
DA:6,14
DA:7,14
DA:8,14
LF:6
LH:6
BRDA:1,0,0,14
BRDA:1,0,1,14
BRDA:6,1,0,14
BRDA:6,1,1,14
BRF:4
BRH:4
end_of_record
TN:
SF:src\common-types\textField.ts
FN:1,(anonymous_0)
FN:7,(anonymous_1)
FNF:2
FNH:2
FNDA:14,(anonymous_0)
FNDA:14,(anonymous_1)
DA:1,14
DA:2,14
DA:3,14
DA:4,14
DA:7,14
DA:8,14
DA:9,14
DA:10,14
DA:11,14
LF:9
LH:9
BRDA:1,0,0,14
BRDA:1,0,1,14
BRDA:7,1,0,14
BRDA:7,1,1,14
BRF:4
BRH:4
end_of_record
TN:
SF:src\common-types\title.ts
FN:1,(anonymous_0)
FN:7,(anonymous_1)
FNF:2
FNH:2
FNDA:14,(anonymous_0)
FNDA:14,(anonymous_1)
DA:1,14
DA:2,14
DA:3,14
DA:4,14
DA:7,14
DA:8,14
DA:9,14
LF:7
LH:7
BRDA:1,0,0,14
BRDA:1,0,1,14
BRDA:7,1,0,14
BRDA:7,1,1,14
BRF:4
BRH:4
end_of_record
TN:
SF:src\components\index.ts
FN:1,(anonymous_0)
FN:2,(anonymous_1)
FN:3,(anonymous_2)
FN:4,(anonymous_3)
FN:5,(anonymous_4)
FN:6,(anonymous_5)
FN:7,(anonymous_6)
FN:8,(anonymous_7)
FN:9,(anonymous_8)
FN:12,(anonymous_9)
FN:13,(anonymous_10)
FN:14,(anonymous_11)
FN:15,(anonymous_12)
FN:16,(anonymous_13)
FN:17,(anonymous_14)
FN:18,(anonymous_15)
FNF:16
FNH:9
FNDA:0,(anonymous_0)
FNDA:4,(anonymous_1)
FNDA:0,(anonymous_2)
FNDA:0,(anonymous_3)
FNDA:0,(anonymous_4)
FNDA:4,(anonymous_5)
FNDA:0,(anonymous_6)
FNDA:0,(anonymous_7)
FNDA:0,(anonymous_8)
FNDA:49,(anonymous_9)
FNDA:12,(anonymous_10)
FNDA:26,(anonymous_11)
FNDA:18,(anonymous_12)
FNDA:10,(anonymous_13)
FNDA:26,(anonymous_14)
FNDA:62,(anonymous_15)
DA:1,10
DA:2,14
DA:3,10
DA:4,10
DA:5,10
DA:6,14
DA:7,10
DA:8,10
DA:9,10
DA:12,59
DA:13,22
DA:14,36
DA:15,28
DA:16,20
DA:17,36
DA:18,72
LF:16
LH:16
BRF:0
BRH:0
end_of_record
TN:
SF:src\components\Filter\index.tsx
FN:23,(anonymous_0)
FNF:1
FNH:1
FNDA:5,(anonymous_0)
DA:2,10
DA:8,10
DA:11,10
DA:23,10
DA:32,5
DA:55,10
LF:6
LH:6
BRDA:26,0,0,4
BRDA:27,1,0,4
BRF:2
BRH:2
end_of_record
TN:
SF:src\components\Form\index.tsx
FN:31,(anonymous_0)
FN:47,(anonymous_1)
FN:53,(anonymous_2)
FN:84,(anonymous_3)
FN:132,(anonymous_4)
FNF:5
FNH:4
FNDA:8,(anonymous_0)
FNDA:0,(anonymous_1)
FNDA:2,(anonymous_2)
FNDA:2,(anonymous_3)
FNDA:1,(anonymous_4)
DA:2,10
DA:5,10
DA:11,10
DA:15,10
DA:31,10
DA:39,8
DA:40,8
DA:42,8
DA:43,8
DA:44,8
DA:45,8
DA:47,8
DA:48,0
DA:50,0
DA:53,8
DA:54,2
DA:56,2
DA:57,2
DA:58,2
DA:59,2
DA:60,2
DA:68,2
DA:70,2
DA:73,8
DA:84,2
DA:132,1
DA:141,10
LF:27
LH:25
BRDA:34,0,0,3
BRDA:36,1,0,8
BRDA:50,2,0,0
BRDA:50,2,1,0
BRDA:56,3,0,2
BRDA:56,3,1,0
BRDA:57,4,0,2
BRDA:57,4,1,1
BRDA:58,5,0,2
BRDA:58,5,1,0
BRDA:59,6,0,2
BRDA:59,6,1,2
BRDA:75,7,0,8
BRDA:75,7,1,0
BRDA:122,8,0,8
BRDA:122,8,1,8
BRF:16
BRH:11
end_of_record
TN:
SF:src\components\Layout\index.tsx
FN:11,(anonymous_0)
FNF:1
FNH:1
FNDA:1,(anonymous_0)
DA:2,10
DA:5,10
DA:11,10
DA:12,1
DA:18,10
LF:5
LH:5
BRF:0
BRH:0
end_of_record
TN:
SF:src\components\LoadingIndicator\index.tsx
FN:7,(anonymous_0)
FNF:1
FNH:1
FNDA:1,(anonymous_0)
DA:2,11
DA:5,11
DA:7,11
DA:8,1
DA:15,11
LF:5
LH:5
BRF:0
BRH:0
end_of_record
TN:
SF:src\components\MessagePopUp\index.tsx
FN:19,(anonymous_0)
FN:27,(anonymous_1)
FN:28,(anonymous_2)
FN:33,(anonymous_3)
FNF:4
FNH:3
FNDA:2,(anonymous_0)
FNDA:1,(anonymous_1)
FNDA:0,(anonymous_2)
FNDA:1,(anonymous_3)
DA:2,10
DA:5,10
DA:8,10
DA:11,10
DA:19,10
DA:24,2
DA:25,2
DA:27,2
DA:28,1
DA:29,0
DA:30,0
DA:33,1
DA:36,2
DA:49,10
LF:14
LH:12
BRDA:38,0,0,2
BRDA:38,0,1,0
BRDA:39,1,0,0
BRDA:39,1,1,2
BRDA:43,2,0,0
BRDA:43,2,1,2
BRF:6
BRH:3
end_of_record
TN:
SF:src\components\Modal\index.tsx
FN:19,(anonymous_0)
FNF:1
FNH:1
FNDA:7,(anonymous_0)
DA:5,10
DA:8,10
DA:11,10
DA:19,10
DA:20,7
DA:31,10
LF:6
LH:6
BRDA:20,0,0,6
BRDA:20,0,1,1
BRF:2
BRH:2
end_of_record
TN:
SF:src\components\ModalForm\index.tsx
FN:24,(anonymous_0)
FNF:1
FNH:1
FNDA:4,(anonymous_0)
DA:2,10
DA:5,10
DA:8,10
DA:14,10
DA:24,10
DA:31,4
DA:42,10
LF:7
LH:7
BRDA:27,0,0,0
BRDA:33,1,0,0
BRDA:33,1,1,4
BRF:3
BRH:1
end_of_record
TN:
SF:src\components\Posts\index.tsx
FN:26,(anonymous_0)
FN:32,(anonymous_1)
FNF:2
FNH:2
FNDA:4,(anonymous_0)
FNDA:12,(anonymous_1)
DA:2,10
DA:5,10
DA:8,10
DA:11,10
DA:17,10
DA:26,10
DA:31,4
DA:33,12
DA:50,10
LF:9
LH:9
BRDA:32,0,0,4
BRDA:32,0,1,0
BRDA:42,1,0,4
BRDA:42,1,1,0
BRF:4
BRH:2
end_of_record
TN:
SF:src\components\SearchInput\index.tsx
FN:15,(anonymous_0)
FNF:1
FNH:1
FNDA:2,(anonymous_0)
DA:2,10
DA:5,10
DA:8,10
DA:15,10
DA:19,2
DA:29,10
LF:6
LH:6
BRF:0
BRH:0
end_of_record
TN:
SF:src\components\commons\Button\index.tsx
FN:17,(anonymous_0)
FNF:1
FNH:1
FNDA:53,(anonymous_0)
DA:2,11
DA:5,11
DA:8,11
DA:17,11
DA:23,53
DA:32,11
LF:6
LH:6
BRDA:19,0,0,27
BRDA:20,1,0,44
BRDA:24,2,0,1
BRDA:24,2,1,52
BRF:4
BRH:4
end_of_record
TN:
SF:src\components\commons\Card\index.tsx
FN:29,(anonymous_0)
FN:37,(anonymous_1)
FN:41,(anonymous_2)
FNF:3
FNH:3
FNDA:18,(anonymous_0)
FNDA:2,(anonymous_1)
FNDA:2,(anonymous_2)
DA:2,10
DA:5,10
DA:8,10
DA:11,10
DA:14,10
DA:20,10
DA:29,10
DA:35,18
DA:37,18
DA:38,2
DA:41,18
DA:42,2
DA:45,18
DA:84,10
LF:14
LH:14
BRDA:31,0,0,0
BRF:1
BRH:0
end_of_record
TN:
SF:src\components\commons\Image\index.tsx
FN:20,(anonymous_0)
FNF:1
FNH:1
FNDA:30,(anonymous_0)
DA:2,11
DA:5,11
DA:8,11
DA:11,11
DA:20,11
DA:26,30
DA:36,11
LF:7
LH:7
BRDA:22,0,0,17
BRDA:23,1,0,26
BRDA:28,2,0,4
BRDA:28,2,1,26
BRF:4
BRH:4
end_of_record
TN:
SF:src\components\commons\SelectItem\index.tsx
FN:23,(anonymous_0)
FN:29,(anonymous_1)
FN:50,(anonymous_2)
FNF:3
FNH:3
FNDA:20,(anonymous_0)
FNDA:2,(anonymous_1)
FNDA:46,(anonymous_2)
DA:2,11
DA:11,11
DA:22,11
DA:27,20
DA:29,20
DA:30,2
DA:31,2
DA:33,2
DA:36,20
DA:51,46
DA:61,11
DA:63,11
LF:12
LH:12
BRDA:24,0,0,13
BRDA:25,1,0,0
BRDA:33,2,0,2
BRDA:33,2,1,2
BRF:4
BRH:3
end_of_record
TN:
SF:src\components\commons\Text\index.tsx
FN:19,(anonymous_0)
FNF:1
FNH:1
FNDA:13,(anonymous_0)
DA:2,11
DA:5,11
DA:8,11
DA:19,11
DA:27,13
DA:40,11
LF:6
LH:6
BRDA:22,0,0,12
BRDA:24,1,0,12
BRDA:25,2,0,6
BRF:3
BRH:3
end_of_record
TN:
SF:src\components\commons\TextField\index.tsx
FN:42,(anonymous_0)
FN:62,(anonymous_1)
FNF:2
FNH:1
FNDA:27,(anonymous_0)
FNDA:0,(anonymous_1)
DA:2,10
DA:11,10
DA:14,10
DA:17,10
DA:41,10
DA:60,27
DA:62,27
DA:63,0
DA:64,0
DA:66,0
DA:69,27
DA:102,10
DA:104,10
LF:13
LH:10
BRDA:45,0,0,9
BRDA:46,1,0,26
BRDA:50,2,0,9
BRDA:51,3,0,8
BRDA:52,4,0,27
BRDA:55,5,0,27
BRDA:58,6,0,0
BRDA:66,7,0,0
BRDA:66,7,1,0
BRDA:71,8,0,27
BRDA:71,8,1,19
BRDA:73,9,0,27
BRDA:73,9,1,1
BRF:13
BRH:10
end_of_record
TN:
SF:src\components\commons\Title\index.tsx
FN:21,(anonymous_0)
FNF:1
FNH:1
FNDA:65,(anonymous_0)
DA:2,11
DA:5,11
DA:8,11
DA:21,11
DA:31,65
DA:45,11
LF:6
LH:6
BRDA:23,0,0,47
BRDA:27,1,0,46
BRDA:29,2,0,28
BRF:3
BRH:3
end_of_record
TN:
SF:src\constants\actions.ts
FNF:0
FNH:0
DA:2,11
DA:28,11
LF:2
LH:2
BRF:0
BRH:0
end_of_record
TN:
SF:src\constants\api.ts
FNF:0
FNH:0
DA:1,14
LF:1
LH:1
BRF:0
BRH:0
end_of_record
TN:
SF:src\constants\index.ts
FNF:0
FNH:0
DA:1,11
DA:2,11
DA:3,11
DA:4,11
DA:5,11
LF:5
LH:5
BRF:0
BRH:0
end_of_record
TN:
SF:src\constants\messages.ts
FNF:0
FNH:0
DA:1,14
DA:16,14
DA:22,14
LF:3
LH:3
BRF:0
BRH:0
end_of_record
TN:
SF:src\constants\routes.ts
FNF:0
FNH:0
DA:1,11
DA:6,11
LF:2
LH:2
BRF:0
BRH:0
end_of_record
TN:
SF:src\constants\types.ts
FN:1,(anonymous_0)
FN:7,(anonymous_1)
FN:19,(anonymous_2)
FNF:3
FNH:3
FNDA:13,(anonymous_0)
FNDA:13,(anonymous_1)
FNDA:13,(anonymous_2)
DA:1,13
DA:2,13
DA:3,13
DA:4,13
DA:7,13
DA:8,13
DA:9,13
DA:10,13
DA:13,13
DA:19,13
DA:20,13
DA:21,13
DA:24,13
LF:13
LH:13
BRDA:1,0,0,13
BRDA:1,0,1,13
BRDA:7,1,0,13
BRDA:7,1,1,13
BRDA:19,2,0,13
BRDA:19,2,1,13
BRF:6
BRH:6
end_of_record
TN:
SF:src\helpers\clientRequests.ts
FN:14,(anonymous_0)
FN:31,(anonymous_1)
FN:43,(anonymous_2)
FN:60,(anonymous_3)
FNF:4
FNH:4
FNDA:2,(anonymous_0)
FNDA:1,(anonymous_1)
FNDA:1,(anonymous_2)
FNDA:1,(anonymous_3)
DA:2,3
DA:6,3
DA:14,3
DA:15,2
DA:16,2
DA:18,1
DA:20,1
DA:31,3
DA:32,1
DA:34,1
DA:43,3
DA:44,1
DA:45,1
DA:47,1
DA:49,0
DA:60,3
DA:61,1
DA:62,1
DA:64,1
DA:66,0
DA:70,3
LF:21
LH:19
BRF:0
BRH:0
end_of_record
TN:
SF:src\helpers\index.ts
FNF:0
FNH:0
DA:1,3
DA:2,3
DA:3,3
LF:3
LH:3
BRF:0
BRH:0
end_of_record
TN:
SF:src\helpers\string.ts
FN:7,(anonymous_0)
FNF:1
FNH:1
FNDA:21,(anonymous_0)
DA:7,13
DA:9,21
DA:12,21
DA:13,21
DA:15,21
DA:16,179
DA:17,140
DA:18,140
DA:20,39
DA:21,39
DA:22,39
DA:26,21
LF:12
LH:12
BRDA:16,0,0,140
BRDA:16,0,1,39
BRF:2
BRH:2
end_of_record
TN:
SF:src\helpers\urlGeneration.ts
FN:10,(anonymous_0)
FNF:1
FNH:1
FNDA:4,(anonymous_0)
DA:1,3
DA:10,3
DA:11,4
DA:13,4
DA:15,4
DA:17,1
DA:20,1
DA:23,1
DA:26,1
DA:29,0
DA:33,3
LF:11
LH:10
BRDA:15,0,0,1
BRDA:15,0,1,1
BRDA:15,0,2,1
BRDA:15,0,3,1
BRDA:15,0,4,0
BRDA:16,1,0,4
BRDA:16,1,1,2
BRDA:25,2,0,1
BRDA:25,2,1,1
BRF:9
BRH:8
end_of_record
TN:
SF:src\layouts\Header\index.tsx
FN:19,(anonymous_0)
FNF:1
FNH:1
FNDA:1,(anonymous_0)
DA:2,10
DA:6,10
DA:9,10
DA:12,10
DA:15,10
DA:19,10
DA:20,1
DA:29,10
LF:8
LH:8
BRF:0
BRH:0
end_of_record
TN:
SF:src\store\actions.ts
FN:24,(anonymous_0)
FN:28,(anonymous_1)
FN:33,(anonymous_2)
FN:39,(anonymous_3)
FN:43,(anonymous_4)
FN:48,(anonymous_5)
FN:54,(anonymous_6)
FN:58,(anonymous_7)
FN:66,(anonymous_8)
FN:72,(anonymous_9)
FN:76,(anonymous_10)
FN:84,(anonymous_11)
FN:92,(anonymous_12)
FN:96,(anonymous_13)
FN:104,(anonymous_14)
FN:110,(anonymous_15)
FN:114,(anonymous_16)
FN:121,(anonymous_17)
FN:129,(anonymous_18)
FN:133,(anonymous_19)
FN:140,(anonymous_20)
FN:148,(anonymous_21)
FN:152,(anonymous_22)
FNF:23
FNH:16
FNDA:1,(anonymous_0)
FNDA:1,(anonymous_1)
FNDA:1,(anonymous_2)
FNDA:1,(anonymous_3)
FNDA:1,(anonymous_4)
FNDA:1,(anonymous_5)
FNDA:1,(anonymous_6)
FNDA:2,(anonymous_7)
FNDA:1,(anonymous_8)
FNDA:1,(anonymous_9)
FNDA:0,(anonymous_10)
FNDA:1,(anonymous_11)
FNDA:1,(anonymous_12)
FNDA:0,(anonymous_13)
FNDA:1,(anonymous_14)
FNDA:1,(anonymous_15)
FNDA:0,(anonymous_16)
FNDA:1,(anonymous_17)
FNDA:0,(anonymous_18)
FNDA:0,(anonymous_19)
FNDA:1,(anonymous_20)
FNDA:0,(anonymous_21)
FNDA:0,(anonymous_22)
DA:2,11
DA:24,11
DA:28,11
DA:33,11
DA:39,11
DA:43,11
DA:48,11
DA:54,11
DA:58,11
DA:61,2
DA:66,11
DA:72,11
DA:76,11
DA:79,0
DA:84,11
DA:86,1
DA:92,11
DA:96,11
DA:99,0
DA:104,11
DA:110,11
DA:114,11
DA:116,0
DA:121,11
DA:123,1
DA:129,11
DA:133,11
DA:135,0
DA:140,11
DA:142,1
DA:148,11
DA:152,11
DA:156,11
DA:157,11
DA:158,11
DA:159,11
DA:160,11
DA:161,11
DA:162,11
DA:163,11
DA:164,11
DA:165,11
DA:166,11
DA:167,11
DA:168,11
DA:169,11
DA:170,11
DA:171,11
DA:172,11
DA:173,11
DA:174,11
DA:175,11
DA:176,11
DA:177,11
DA:178,11
LF:55
LH:51
BRF:0
BRH:0
end_of_record
TN:
SF:src\store\index.ts
FNF:0
FNH:0
DA:1,11
DA:2,11
DA:3,11
LF:3
LH:3
BRF:0
BRH:0
end_of_record
TN:
SF:src\store\reducer.ts
FN:33,(anonymous_0)
FN:97,(anonymous_1)
FN:106,(anonymous_2)
FNF:3
FNH:1
FNDA:17,(anonymous_0)
FNDA:0,(anonymous_1)
FNDA:0,(anonymous_2)
DA:2,11
DA:18,11
DA:33,11
DA:34,17
DA:36,1
DA:43,0
DA:52,5
DA:64,7
DA:71,1
DA:78,1
DA:85,2
DA:93,0
DA:97,0
DA:105,0
DA:106,0
DA:109,0
DA:111,0
DA:120,0
DA:128,0
DA:135,0
DA:143,0
DA:150,0
DA:154,11
LF:23
LH:11
BRDA:33,0,0,0
BRDA:34,1,0,1
BRDA:34,1,1,0
BRDA:34,1,2,1
BRDA:34,1,3,2
BRDA:34,1,4,3
BRDA:34,1,5,4
BRDA:34,1,6,5
BRDA:34,1,7,1
BRDA:34,1,8,2
BRDA:34,1,9,3
BRDA:34,1,10,4
BRDA:34,1,11,5
BRDA:34,1,12,6
BRDA:34,1,13,7
BRDA:34,1,14,1
BRDA:34,1,15,1
BRDA:34,1,16,2
BRDA:34,1,17,0
BRDA:34,1,18,0
BRDA:34,1,19,0
BRDA:34,1,20,0
BRDA:34,1,21,0
BRDA:34,1,22,0
BRDA:34,1,23,0
BRF:25
BRH:16
end_of_record
TN:
SF:src\store\store.tsx
FN:22,(anonymous_0)
FN:26,(anonymous_1)
FN:34,(anonymous_2)
FNF:3
FNH:1
FNDA:0,(anonymous_0)
FNDA:2,(anonymous_1)
FNDA:0,(anonymous_2)
DA:2,11
DA:13,11
DA:20,11
DA:24,11
DA:26,11
DA:34,11
DA:39,0
DA:41,0
DA:48,11
LF:9
LH:7
BRF:0
BRH:0
end_of_record
TN:
SF:src\utils\areEqual.ts
FN:1,(anonymous_0)
FNF:1
FNH:1
FNDA:1,(anonymous_0)
DA:1,11
DA:5,1
LF:2
LH:2
BRF:0
BRH:0
end_of_record
