TN:
SF:src\assets\index.ts
FNF:0
FNH:0
DA:4,9
DA:5,9
DA:6,9
DA:11,9
DA:12,9
DA:13,9
DA:14,9
DA:17,9
DA:18,9
DA:19,9
DA:20,9
DA:21,9
DA:22,9
DA:23,9
LF:14
LH:14
BRF:0
BRH:0
end_of_record
TN:
SF:src\common-types\button.ts
FN:1,(anonymous_0)
FNF:1
FNH:1
FNDA:12,(anonymous_0)
DA:1,12
DA:2,12
DA:3,12
DA:4,12
LF:4
LH:4
BRDA:1,0,0,12
BRDA:1,0,1,12
BRF:2
BRH:2
end_of_record
TN:
SF:src\common-types\form.ts
FN:1,(anonymous_0)
FNF:1
FNH:1
FNDA:12,(anonymous_0)
DA:1,12
DA:2,12
DA:3,12
LF:3
LH:3
BRDA:1,0,0,12
BRDA:1,0,1,12
BRF:2
BRH:2
end_of_record
TN:
SF:src\common-types\image.ts
FN:1,(anonymous_0)
FNF:1
FNH:1
FNDA:12,(anonymous_0)
DA:1,12
DA:2,12
DA:3,12
DA:4,12
LF:4
LH:4
BRDA:1,0,0,12
BRDA:1,0,1,12
BRF:2
BRH:2
end_of_record
TN:
SF:src\common-types\index.ts
FNF:0
FNH:0
DA:1,12
DA:2,12
DA:3,12
DA:4,12
DA:5,12
DA:6,12
DA:7,12
LF:7
LH:7
BRF:0
BRH:0
end_of_record
TN:
SF:src\common-types\message-popup.ts
FN:1,(anonymous_0)
FNF:1
FNH:1
FNDA:12,(anonymous_0)
DA:1,12
DA:2,12
DA:3,12
LF:3
LH:3
BRDA:1,0,0,12
BRDA:1,0,1,12
BRF:2
BRH:2
end_of_record
TN:
SF:src\common-types\text.ts
FN:1,(anonymous_0)
FN:6,(anonymous_1)
FNF:2
FNH:2
FNDA:12,(anonymous_0)
FNDA:12,(anonymous_1)
DA:1,12
DA:2,12
DA:3,12
DA:6,12
DA:7,12
DA:8,12
LF:6
LH:6
BRDA:1,0,0,12
BRDA:1,0,1,12
BRDA:6,1,0,12
BRDA:6,1,1,12
BRF:4
BRH:4
end_of_record
TN:
SF:src\common-types\textField.ts
FN:1,(anonymous_0)
FN:7,(anonymous_1)
FNF:2
FNH:2
FNDA:12,(anonymous_0)
FNDA:12,(anonymous_1)
DA:1,12
DA:2,12
DA:3,12
DA:4,12
DA:7,12
DA:8,12
DA:9,12
DA:10,12
DA:11,12
LF:9
LH:9
BRDA:1,0,0,12
BRDA:1,0,1,12
BRDA:7,1,0,12
BRDA:7,1,1,12
BRF:4
BRH:4
end_of_record
TN:
SF:src\common-types\title.ts
FN:1,(anonymous_0)
FN:7,(anonymous_1)
FNF:2
FNH:2
FNDA:12,(anonymous_0)
FNDA:12,(anonymous_1)
DA:1,12
DA:2,12
DA:3,12
DA:4,12
DA:7,12
DA:8,12
DA:9,12
LF:7
LH:7
BRDA:1,0,0,12
BRDA:1,0,1,12
BRDA:7,1,0,12
BRDA:7,1,1,12
BRF:4
BRH:4
end_of_record
TN:
SF:src\components\index.ts
FN:1,(anonymous_0)
FN:2,(anonymous_1)
FN:3,(anonymous_2)
FN:4,(anonymous_3)
FN:5,(anonymous_4)
FN:6,(anonymous_5)
FN:7,(anonymous_6)
FN:8,(anonymous_7)
FN:9,(anonymous_8)
FN:12,(anonymous_9)
FN:13,(anonymous_10)
FN:14,(anonymous_11)
FN:15,(anonymous_12)
FN:16,(anonymous_13)
FN:17,(anonymous_14)
FN:18,(anonymous_15)
FNF:16
FNH:9
FNDA:0,(anonymous_0)
FNDA:4,(anonymous_1)
FNDA:0,(anonymous_2)
FNDA:0,(anonymous_3)
FNDA:0,(anonymous_4)
FNDA:4,(anonymous_5)
FNDA:0,(anonymous_6)
FNDA:0,(anonymous_7)
FNDA:0,(anonymous_8)
FNDA:45,(anonymous_9)
FNDA:12,(anonymous_10)
FNDA:25,(anonymous_11)
FNDA:14,(anonymous_12)
FNDA:5,(anonymous_13)
FNDA:14,(anonymous_14)
FNDA:58,(anonymous_15)
DA:1,8
DA:2,12
DA:3,8
DA:4,8
DA:5,8
DA:6,12
DA:7,8
DA:8,8
DA:9,8
DA:12,53
DA:13,20
DA:14,33
DA:15,22
DA:16,13
DA:17,22
DA:18,66
LF:16
LH:16
BRF:0
BRH:0
end_of_record
TN:
SF:src\components\Filter\index.tsx
FN:23,(anonymous_0)
FNF:1
FNH:1
FNDA:5,(anonymous_0)
DA:2,8
DA:8,8
DA:11,8
DA:23,8
DA:32,5
DA:55,8
LF:6
LH:6
BRDA:26,0,0,4
BRDA:27,1,0,4
BRF:2
BRH:2
end_of_record
TN:
SF:src\components\Form\index.tsx
FN:31,(anonymous_0)
FN:44,(anonymous_1)
FN:48,(anonymous_2)
FN:54,(anonymous_3)
FNF:4
FNH:2
FNDA:4,(anonymous_0)
FNDA:0,(anonymous_1)
FNDA:0,(anonymous_2)
FNDA:1,(anonymous_3)
DA:2,8
DA:5,8
DA:11,8
DA:15,8
DA:31,8
DA:39,4
DA:40,4
DA:42,4
DA:44,4
DA:45,0
DA:48,4
DA:49,0
DA:51,0
DA:54,4
DA:55,1
DA:58,4
DA:120,8
LF:17
LH:14
BRDA:34,0,0,0
BRDA:36,1,0,4
BRDA:51,2,0,0
BRDA:51,2,1,0
BRDA:60,3,0,4
BRDA:60,3,1,0
BRDA:103,4,0,4
BRDA:103,4,1,4
BRF:8
BRH:4
end_of_record
TN:
SF:src\components\Layout\index.tsx
FN:11,(anonymous_0)
FNF:1
FNH:1
FNDA:1,(anonymous_0)
DA:2,8
DA:5,8
DA:11,8
DA:12,1
DA:18,8
LF:5
LH:5
BRF:0
BRH:0
end_of_record
TN:
SF:src\components\LoadingIndicator\index.tsx
FN:7,(anonymous_0)
FNF:1
FNH:1
FNDA:1,(anonymous_0)
DA:2,9
DA:5,9
DA:7,9
DA:8,1
DA:15,9
LF:5
LH:5
BRF:0
BRH:0
end_of_record
TN:
SF:src\components\MessagePopUp\index.tsx
FN:19,(anonymous_0)
FN:27,(anonymous_1)
FN:29,(anonymous_2)
FN:34,(anonymous_3)
FNF:4
FNH:1
FNDA:1,(anonymous_0)
FNDA:0,(anonymous_1)
FNDA:0,(anonymous_2)
FNDA:0,(anonymous_3)
DA:2,8
DA:5,8
DA:8,8
DA:11,8
DA:19,8
DA:24,1
DA:25,1
DA:27,1
DA:28,0
DA:29,0
DA:30,0
DA:31,0
DA:34,0
DA:37,1
DA:50,8
LF:15
LH:10
BRDA:40,0,0,1
BRDA:40,0,1,0
BRDA:41,1,0,0
BRDA:41,1,1,1
BRDA:44,2,0,0
BRDA:44,2,1,1
BRF:6
BRH:3
end_of_record
TN:
SF:src\components\Modal\index.tsx
FN:19,(anonymous_0)
FNF:1
FNH:1
FNDA:7,(anonymous_0)
DA:5,8
DA:8,8
DA:11,8
DA:19,8
DA:20,7
DA:35,8
LF:6
LH:6
BRDA:20,0,0,6
BRDA:20,0,1,1
BRF:2
BRH:2
end_of_record
TN:
SF:src\components\ModalForm\index.tsx
FN:24,(anonymous_0)
FNF:1
FNH:1
FNDA:4,(anonymous_0)
DA:2,8
DA:5,8
DA:8,8
DA:14,8
DA:24,8
DA:31,4
DA:42,8
LF:7
LH:7
BRDA:27,0,0,0
BRDA:33,1,0,0
BRDA:33,1,1,4
BRF:3
BRH:1
end_of_record
TN:
SF:src\components\Posts\index.tsx
FN:25,(anonymous_0)
FN:31,(anonymous_1)
FNF:2
FNH:2
FNDA:4,(anonymous_0)
FNDA:12,(anonymous_1)
DA:2,8
DA:5,8
DA:8,8
DA:11,8
DA:17,8
DA:25,8
DA:30,4
DA:32,12
DA:43,8
LF:9
LH:9
BRF:0
BRH:0
end_of_record
TN:
SF:src\components\SearchInput\index.tsx
FN:15,(anonymous_0)
FNF:1
FNH:1
FNDA:2,(anonymous_0)
DA:2,8
DA:5,8
DA:8,8
DA:15,8
DA:19,2
DA:29,8
LF:6
LH:6
BRF:0
BRH:0
end_of_record
TN:
SF:src\components\commons\Button\index.tsx
FN:17,(anonymous_0)
FNF:1
FNH:1
FNDA:49,(anonymous_0)
DA:2,9
DA:5,9
DA:8,9
DA:17,9
DA:23,49
DA:32,9
LF:6
LH:6
BRDA:19,0,0,27
BRDA:20,1,0,44
BRDA:24,2,0,1
BRDA:24,2,1,48
BRF:4
BRH:4
end_of_record
TN:
SF:src\components\commons\Card\index.tsx
FN:29,(anonymous_0)
FN:37,(anonymous_1)
FN:41,(anonymous_2)
FNF:3
FNH:3
FNDA:18,(anonymous_0)
FNDA:2,(anonymous_1)
FNDA:2,(anonymous_2)
DA:2,8
DA:5,8
DA:8,8
DA:11,8
DA:14,8
DA:20,8
DA:29,8
DA:35,18
DA:37,18
DA:38,2
DA:41,18
DA:42,2
DA:45,18
DA:86,8
LF:14
LH:14
BRDA:31,0,0,0
BRF:1
BRH:0
end_of_record
TN:
SF:src\components\commons\Image\index.tsx
FN:20,(anonymous_0)
FNF:1
FNH:1
FNDA:29,(anonymous_0)
DA:2,9
DA:5,9
DA:8,9
DA:11,9
DA:20,9
DA:26,29
DA:36,9
LF:7
LH:7
BRDA:22,0,0,17
BRDA:23,1,0,26
BRDA:28,2,0,3
BRDA:28,2,1,26
BRF:4
BRH:4
end_of_record
TN:
SF:src\components\commons\SelectItem\index.tsx
FN:17,(anonymous_0)
FN:26,(anonymous_1)
FN:43,(anonymous_2)
FNF:3
FNH:3
FNDA:18,(anonymous_0)
FNDA:3,(anonymous_1)
FNDA:49,(anonymous_2)
DA:2,9
DA:5,9
DA:17,9
DA:26,18
DA:27,3
DA:30,18
DA:44,49
DA:53,9
LF:8
LH:8
BRDA:23,0,0,14
BRF:1
BRH:1
end_of_record
TN:
SF:src\components\commons\Text\index.tsx
FN:19,(anonymous_0)
FNF:1
FNH:1
FNDA:10,(anonymous_0)
DA:2,9
DA:5,9
DA:8,9
DA:19,9
DA:27,10
DA:40,9
LF:6
LH:6
BRDA:22,0,0,9
BRDA:24,1,0,9
BRDA:25,2,0,5
BRF:3
BRH:3
end_of_record
TN:
SF:src\components\commons\TextField\index.tsx
FN:36,(anonymous_0)
FN:55,(anonymous_1)
FNF:2
FNH:1
FNDA:14,(anonymous_0)
FNDA:0,(anonymous_1)
DA:2,8
DA:5,8
DA:8,8
DA:11,8
DA:35,8
DA:54,14
DA:56,0
DA:61,14
DA:94,8
LF:9
LH:8
BRDA:39,0,0,0
BRDA:40,1,0,14
BRDA:44,2,0,2
BRDA:45,3,0,2
BRDA:46,4,0,14
BRDA:49,5,0,14
BRDA:52,6,0,0
BRDA:63,7,0,14
BRDA:63,7,1,12
BRDA:65,8,0,14
BRDA:65,8,1,0
BRF:11
BRH:8
end_of_record
TN:
SF:src\components\commons\Title\index.tsx
FN:21,(anonymous_0)
FNF:1
FNH:1
FNDA:61,(anonymous_0)
DA:2,9
DA:5,9
DA:8,9
DA:21,9
DA:31,61
DA:45,9
LF:6
LH:6
BRDA:23,0,0,43
BRDA:27,1,0,42
BRDA:29,2,0,24
BRF:3
BRH:3
end_of_record
TN:
SF:src\constants\actions.ts
FNF:0
FNH:0
DA:2,8
DA:28,8
LF:2
LH:2
BRF:0
BRH:0
end_of_record
TN:
SF:src\constants\api.ts
FNF:0
FNH:0
DA:1,11
LF:1
LH:1
BRF:0
BRH:0
end_of_record
TN:
SF:src\constants\index.ts
FNF:0
FNH:0
DA:1,8
DA:2,8
DA:3,8
DA:4,8
DA:5,8
LF:5
LH:5
BRF:0
BRH:0
end_of_record
TN:
SF:src\constants\messages.ts
FNF:0
FNH:0
DA:1,8
DA:15,8
DA:21,8
LF:3
LH:3
BRF:0
BRH:0
end_of_record
TN:
SF:src\constants\routes.ts
FNF:0
FNH:0
DA:1,8
DA:6,8
LF:2
LH:2
BRF:0
BRH:0
end_of_record
TN:
SF:src\constants\types.ts
FN:1,(anonymous_0)
FN:7,(anonymous_1)
FN:19,(anonymous_2)
FNF:3
FNH:3
FNDA:10,(anonymous_0)
FNDA:10,(anonymous_1)
FNDA:10,(anonymous_2)
DA:1,10
DA:2,10
DA:3,10
DA:4,10
DA:7,10
DA:8,10
DA:9,10
DA:10,10
DA:13,10
DA:19,10
DA:20,10
DA:21,10
DA:24,10
LF:13
LH:13
BRDA:1,0,0,10
BRDA:1,0,1,10
BRDA:7,1,0,10
BRDA:7,1,1,10
BRDA:19,2,0,10
BRDA:19,2,1,10
BRF:6
BRH:6
end_of_record
TN:
SF:src\helpers\clientRequests.ts
FN:13,(anonymous_0)
FN:26,(anonymous_1)
FN:38,(anonymous_2)
FN:51,(anonymous_3)
FNF:4
FNH:4
FNDA:2,(anonymous_0)
FNDA:1,(anonymous_1)
FNDA:1,(anonymous_2)
FNDA:1,(anonymous_3)
DA:2,3
DA:13,3
DA:14,2
DA:16,1
DA:26,3
DA:27,1
DA:29,1
DA:38,3
DA:39,1
DA:41,1
DA:51,3
DA:52,1
DA:54,1
DA:57,3
LF:14
LH:14
BRF:0
BRH:0
end_of_record
TN:
SF:src\helpers\index.ts
FNF:0
FNH:0
DA:1,3
DA:2,3
DA:3,3
LF:3
LH:3
BRF:0
BRH:0
end_of_record
TN:
SF:src\helpers\string.ts
FN:7,currencyFormat
FNF:1
FNH:1
FNDA:21,currencyFormat
DA:7,11
DA:9,21
DA:12,21
DA:13,21
DA:15,21
DA:16,179
DA:17,140
DA:18,140
DA:20,39
DA:21,39
DA:22,39
DA:26,21
LF:12
LH:12
BRDA:16,0,0,140
BRDA:16,0,1,39
BRF:2
BRH:2
end_of_record
TN:
SF:src\helpers\urlGeneration.ts
FN:10,(anonymous_0)
FNF:1
FNH:1
FNDA:4,(anonymous_0)
DA:1,3
DA:10,3
DA:11,4
DA:13,4
DA:15,4
DA:17,1
DA:20,1
DA:23,1
DA:26,1
DA:29,0
DA:33,3
LF:11
LH:10
BRDA:15,0,0,1
BRDA:15,0,1,1
BRDA:15,0,2,1
BRDA:15,0,3,1
BRDA:15,0,4,0
BRDA:16,1,0,4
BRDA:16,1,1,2
BRDA:25,2,0,1
BRDA:25,2,1,1
BRF:9
BRH:8
end_of_record
TN:
SF:src\layouts\Header\index.tsx
FN:19,(anonymous_0)
FNF:1
FNH:1
FNDA:1,(anonymous_0)
DA:2,8
DA:6,8
DA:9,8
DA:12,8
DA:15,8
DA:19,8
DA:20,1
DA:29,8
LF:8
LH:8
BRF:0
BRH:0
end_of_record
TN:
SF:src\store\actions.ts
FN:24,(anonymous_0)
FN:28,(anonymous_1)
FN:33,(anonymous_2)
FN:39,(anonymous_3)
FN:43,(anonymous_4)
FN:48,(anonymous_5)
FN:54,(anonymous_6)
FN:58,(anonymous_7)
FN:66,(anonymous_8)
FN:72,(anonymous_9)
FN:76,(anonymous_10)
FN:84,(anonymous_11)
FN:92,(anonymous_12)
FN:96,(anonymous_13)
FN:104,(anonymous_14)
FN:110,(anonymous_15)
FN:114,(anonymous_16)
FN:121,(anonymous_17)
FN:129,(anonymous_18)
FN:133,(anonymous_19)
FN:140,(anonymous_20)
FN:148,(anonymous_21)
FN:152,(anonymous_22)
FNF:23
FNH:0
FNDA:0,(anonymous_0)
FNDA:0,(anonymous_1)
FNDA:0,(anonymous_2)
FNDA:0,(anonymous_3)
FNDA:0,(anonymous_4)
FNDA:0,(anonymous_5)
FNDA:0,(anonymous_6)
FNDA:0,(anonymous_7)
FNDA:0,(anonymous_8)
FNDA:0,(anonymous_9)
FNDA:0,(anonymous_10)
FNDA:0,(anonymous_11)
FNDA:0,(anonymous_12)
FNDA:0,(anonymous_13)
FNDA:0,(anonymous_14)
FNDA:0,(anonymous_15)
FNDA:0,(anonymous_16)
FNDA:0,(anonymous_17)
FNDA:0,(anonymous_18)
FNDA:0,(anonymous_19)
FNDA:0,(anonymous_20)
FNDA:0,(anonymous_21)
FNDA:0,(anonymous_22)
DA:2,8
DA:24,8
DA:28,8
DA:33,8
DA:39,8
DA:43,8
DA:48,8
DA:54,8
DA:58,8
DA:61,0
DA:66,8
DA:72,8
DA:76,8
DA:79,0
DA:84,8
DA:86,0
DA:92,8
DA:96,8
DA:99,0
DA:104,8
DA:110,8
DA:114,8
DA:116,0
DA:121,8
DA:123,0
DA:129,8
DA:133,8
DA:135,0
DA:140,8
DA:142,0
DA:148,8
DA:152,8
DA:156,8
DA:157,8
DA:158,8
DA:159,8
DA:160,8
DA:161,8
DA:162,8
DA:163,8
DA:164,8
DA:165,8
DA:166,8
DA:167,8
DA:168,8
DA:169,8
DA:170,8
DA:171,8
DA:172,8
DA:173,8
DA:174,8
DA:175,8
DA:176,8
DA:177,8
DA:178,8
LF:55
LH:47
BRF:0
BRH:0
end_of_record
TN:
SF:src\store\index.ts
FNF:0
FNH:0
DA:1,8
DA:2,8
DA:3,8
LF:3
LH:3
BRF:0
BRH:0
end_of_record
TN:
SF:src\store\reducer.ts
FN:33,(anonymous_0)
FN:97,(anonymous_1)
FN:106,(anonymous_2)
FNF:3
FNH:0
FNDA:0,(anonymous_0)
FNDA:0,(anonymous_1)
FNDA:0,(anonymous_2)
DA:2,8
DA:18,8
DA:33,8
DA:34,0
DA:36,0
DA:43,0
DA:52,0
DA:64,0
DA:71,0
DA:78,0
DA:85,0
DA:93,0
DA:97,0
DA:105,0
DA:106,0
DA:109,0
DA:111,0
DA:120,0
DA:128,0
DA:135,0
DA:143,0
DA:150,0
DA:154,8
LF:23
LH:4
BRDA:33,0,0,0
BRDA:34,1,0,0
BRDA:34,1,1,0
BRDA:34,1,2,0
BRDA:34,1,3,0
BRDA:34,1,4,0
BRDA:34,1,5,0
BRDA:34,1,6,0
BRDA:34,1,7,0
BRDA:34,1,8,0
BRDA:34,1,9,0
BRDA:34,1,10,0
BRDA:34,1,11,0
BRDA:34,1,12,0
BRDA:34,1,13,0
BRDA:34,1,14,0
BRDA:34,1,15,0
BRDA:34,1,16,0
BRDA:34,1,17,0
BRDA:34,1,18,0
BRDA:34,1,19,0
BRDA:34,1,20,0
BRDA:34,1,21,0
BRDA:34,1,22,0
BRDA:34,1,23,0
BRF:25
BRH:0
end_of_record
TN:
SF:src\store\store.tsx
FN:22,(anonymous_0)
FN:26,(anonymous_1)
FN:34,(anonymous_2)
FNF:3
FNH:1
FNDA:0,(anonymous_0)
FNDA:1,(anonymous_1)
FNDA:0,(anonymous_2)
DA:2,8
DA:13,8
DA:20,8
DA:24,8
DA:26,8
DA:34,8
DA:39,0
DA:41,0
DA:48,8
LF:9
LH:7
BRF:0
BRH:0
end_of_record
TN:
SF:src\utils\areEqual.ts
FN:3,(anonymous_0)
FNF:1
FNH:0
FNDA:0,(anonymous_0)
DA:1,8
DA:3,8
DA:7,0
LF:3
LH:2
BRF:0
BRH:0
end_of_record
